#
# There is insufficient memory for the Java Runtime Environment to continue.
# Native memory allocation (malloc) failed to allocate 1048576 bytes for AllocateHeap
# Possible reasons:
#   The system is out of physical RAM or swap space
#   The process is running with CompressedOops enabled, and the Java Heap may be blocking the growth of the native heap
# Possible solutions:
#   Reduce memory load on the system
#   Increase physical memory or swap space
#   Check if swap backing store is full
#   Decrease Java heap size (-Xmx/-Xms)
#   Decrease number of Java threads
#   Decrease Java thread stack sizes (-Xss)
#   Set larger code cache with -XX:ReservedCodeCacheSize=
#   JVM is running with Unscaled Compressed Oops mode in which the Java heap is
#     placed in the first 4GB address space. The Java Heap base address is the
#     maximum limit for the native heap growth. Please use -XX:HeapBaseMinAddress
#     to set the Java Heap base and to place the Java Heap above 4GB virtual address.
# This output file may be truncated or incomplete.
#
#  Out of Memory Error (allocation.cpp:44), pid=28048, tid=31188
#
# JRE version:  (20.0.2+9) (build )
# Java VM: Java HotSpot(TM) 64-Bit Server VM (20.0.2+9-78, mixed mode, sharing, tiered, compressed oops, compressed class ptrs, g1 gc, windows-amd64)
# No core dump will be written. Minidumps are not enabled by default on client versions of Windows
#

---------------  S U M M A R Y ------------

Command Line: -Dclassworlds.conf=C:\Program Files\NetBeans-18\netbeans\java\maven\bin\m2.conf -Dmaven.home=C:\Program Files\NetBeans-18\netbeans\java\maven -Dlibrary.jansi.path=C:\Program Files\NetBeans-18\netbeans\java\maven\lib\jansi-native -Dmaven.multiModuleProjectDirectory=C:\Users\lelet\OneDrive\Documents\NetBeansProjects\LexAirportManagement org.codehaus.plexus.classworlds.launcher.Launcher -Dexec.vmArgs= -Dexec.args=${exec.vmArgs} -classpath %classpath ${exec.mainClass} ${exec.appArgs} -Dexec.appArgs= -Dexec.mainClass=lexairportmanagement.MainLexFlightSyt -Dexec.executable=C:\Program Files\Java\jdk-20\bin\java.exe -Dmaven.ext.class.path=C:\Program Files\NetBeans-18\netbeans\java\maven-nblib\netbeans-eventspy.jar --no-transfer-progress process-classes org.codehaus.mojo:exec-maven-plugin:3.1.0:exec

Host: Intel(R) Celeron(R) N4020 CPU @ 1.10GHz, 2 cores, 3G,  Windows 11 , 64 bit Build 22621 (10.0.22621.2070)
Time: Fri Sep 15 20:48:41 2023 South Africa Standard Time elapsed time: 0.828687 seconds (0d 0h 0m 0s)

---------------  T H R E A D  ---------------

Current thread (0x00000223de75e800):  JavaThread "Unknown thread" [_thread_in_vm, id=31188, stack(0x000000b66e900000,0x000000b66ea00000)]

Stack: [0x000000b66e900000,0x000000b66ea00000]
Native frames: (J=compiled Java code, j=interpreted, Vv=VM code, C=native code)
V  [jvm.dll+0x6bc25a]
V  [jvm.dll+0x84971a]
V  [jvm.dll+0x84b315]
V  [jvm.dll+0x84ba13]
V  [jvm.dll+0x280e4f]
V  [jvm.dll+0xbce65]
V  [jvm.dll+0x333ec5]
V  [jvm.dll+0x32c661]
V  [jvm.dll+0x8123df]
V  [jvm.dll+0x3c1261]
V  [jvm.dll+0x7fe103]
V  [jvm.dll+0x44ccaf]
V  [jvm.dll+0x44e621]
C  [jli.dll+0x5287]
C  [ucrtbase.dll+0x29363]
C  [KERNEL32.DLL+0x126ad]
C  [ntdll.dll+0x5aa68]


---------------  P R O C E S S  ---------------

Threads class SMR info:
_java_thread_list=0x00007ffc9a36b118, length=0, elements={
}

Java Threads: ( => current thread )

Other Threads:
  0x00000223e08e29c0 WorkerThread "GC Thread#0" [stack: 0x000000b66ea00000,0x000000b66eb00000] [id=18468]

[error occurred during error reporting (printing all threads), id 0xc0000005, EXCEPTION_ACCESS_VIOLATION (0xc0000005) at pc=0x00007ffc99b48d60]
VM state: not at safepoint (not fully initialized)

VM Mutex/Monitor currently owned by a thread:  ([mutex/lock_event])
[0x00000223de75ba90] Heap_lock - owner thread: 0x00000223de75e800

Heap address: 0x00000000c2c00000, size: 980 MB, Compressed Oops mode: 32-bit

CDS archive(s) mapped at: [0x0000000000000000-0x0000000000000000-0x0000000000000000), size 0, SharedBaseAddress: 0x0000000800000000, ArchiveRelocationMode: 1.
Narrow klass base: 0x0000000000000000, Narrow klass shift: 0, Narrow klass range: 0x0

GC Precious Log:
 CardTable entry size: 512
 Card Set container configuration: InlinePtr #cards 5 size 8 Array Of Cards #cards 12 size 40 Howl #buckets 4 coarsen threshold 1843 Howl Bitmap #cards 512 size 80 coarsen threshold 460 Card regions per heap region 1 cards per card region 2048

Heap:
 garbage-first heap   total 0K, used 0K [0x00000000c2c00000, 0x0000000100000000)
  region size 1024K, 0 young (0K), 0 survivors (0K)

[error occurred during error reporting (printing heap information), id 0xc0000005, EXCEPTION_ACCESS_VIOLATION (0xc0000005) at pc=0x00007ffc99f247b9]
GC Heap History (0 events):
No events

Dll operation events (1 events):
Event: 0.197 Loaded shared library C:\Program Files\Java\jdk-20\bin\java.dll

Deoptimization events (0 events):
No events

Classes loaded (0 events):
No events

Classes unloaded (0 events):
No events

Classes redefined (0 events):
No events

Internal exceptions (0 events):
No events

VM Operations (0 events):
No events

Events (0 events):
No events


Dynamic libraries:
0x00007ff7057c0000 - 0x00007ff7057d0000 	C:\Program Files\Java\jdk-20\bin\java.exe
0x00007ffcdfeb0000 - 0x00007ffce00c4000 	C:\WINDOWS\SYSTEM32\ntdll.dll
0x00007ffccf230000 - 0x00007ffccf249000 	C:\Program Files\Avast Software\Avast\aswhook.dll
0x00007ffcde960000 - 0x00007ffcdea24000 	C:\WINDOWS\System32\KERNEL32.DLL
0x00007ffcdd510000 - 0x00007ffcdd8b4000 	C:\WINDOWS\System32\KERNELBASE.dll
0x00007ffcdd8c0000 - 0x00007ffcdd9d1000 	C:\WINDOWS\System32\ucrtbase.dll
0x00007ffcd81b0000 - 0x00007ffcd81c9000 	C:\Program Files\Java\jdk-20\bin\jli.dll
0x00007ffcdf2c0000 - 0x00007ffcdf370000 	C:\WINDOWS\System32\ADVAPI32.dll
0x00007ffcdfc80000 - 0x00007ffcdfd27000 	C:\WINDOWS\System32\msvcrt.dll
0x00007ffcdfbd0000 - 0x00007ffcdfc76000 	C:\WINDOWS\System32\sechost.dll
0x00007ffcdf1a0000 - 0x00007ffcdf2b7000 	C:\WINDOWS\System32\RPCRT4.dll
0x00007ffcb4f50000 - 0x00007ffcb4f6b000 	C:\Program Files\Java\jdk-20\bin\VCRUNTIME140.dll
0x00007ffcc4590000 - 0x00007ffcc481f000 	C:\WINDOWS\WinSxS\amd64_microsoft.windows.common-controls_6595b64144ccf1df_6.0.22621.2070_none_2713e6537381f706\COMCTL32.dll
0x00007ffcdea40000 - 0x00007ffcdebea000 	C:\WINDOWS\System32\USER32.dll
0x00007ffcdd9e0000 - 0x00007ffcdda06000 	C:\WINDOWS\System32\win32u.dll
0x00007ffcce2e0000 - 0x00007ffcce2ea000 	C:\WINDOWS\SYSTEM32\VERSION.dll
0x00007ffcdfb90000 - 0x00007ffcdfbb9000 	C:\WINDOWS\System32\GDI32.dll
0x00007ffcddb50000 - 0x00007ffcddc69000 	C:\WINDOWS\System32\gdi32full.dll
0x00007ffcdd470000 - 0x00007ffcdd50a000 	C:\WINDOWS\System32\msvcp_win.dll
0x00007ffcddc70000 - 0x00007ffcddca1000 	C:\WINDOWS\System32\IMM32.DLL
0x00007ffcda120000 - 0x00007ffcda12c000 	C:\Program Files\Java\jdk-20\bin\vcruntime140_1.dll
0x00007ffc8cf10000 - 0x00007ffc8cf9e000 	C:\Program Files\Java\jdk-20\bin\msvcp140.dll
0x00007ffc99810000 - 0x00007ffc9a4a8000 	C:\Program Files\Java\jdk-20\bin\server\jvm.dll
0x00007ffcc6af0000 - 0x00007ffcc6af9000 	C:\WINDOWS\SYSTEM32\WSOCK32.dll
0x00007ffcde6c0000 - 0x00007ffcde731000 	C:\WINDOWS\System32\WS2_32.dll
0x00007ffccf1d0000 - 0x00007ffccf204000 	C:\WINDOWS\SYSTEM32\WINMM.dll
0x00007ffcdc2d0000 - 0x00007ffcdc2e8000 	C:\WINDOWS\SYSTEM32\kernel.appcore.dll
0x00007ffcd5630000 - 0x00007ffcd563a000 	C:\Program Files\Java\jdk-20\bin\jimage.dll
0x00007ffcdaba0000 - 0x00007ffcdadce000 	C:\WINDOWS\SYSTEM32\DBGHELP.DLL
0x00007ffcdedf0000 - 0x00007ffcdf17a000 	C:\WINDOWS\System32\combase.dll
0x00007ffcddd40000 - 0x00007ffcdde17000 	C:\WINDOWS\System32\OLEAUT32.dll
0x00007ffccdf20000 - 0x00007ffccdf52000 	C:\WINDOWS\SYSTEM32\dbgcore.DLL
0x00007ffcdda10000 - 0x00007ffcdda8a000 	C:\WINDOWS\System32\bcryptPrimitives.dll
0x00007ffc997a0000 - 0x00007ffc997c6000 	C:\Program Files\Java\jdk-20\bin\java.dll

dbghelp: loaded successfully - version: 4.0.5 - missing functions: none
symbol engine: initialized successfully - sym options: 0x614 - pdb path: .;C:\Program Files\Java\jdk-20\bin;C:\WINDOWS\SYSTEM32;C:\Program Files\Avast Software\Avast;C:\WINDOWS\WinSxS\amd64_microsoft.windows.common-controls_6595b64144ccf1df_6.0.22621.2070_none_2713e6537381f706;C:\Program Files\Java\jdk-20\bin\server

VM Arguments:
jvm_args: -Dclassworlds.conf=C:\Program Files\NetBeans-18\netbeans\java\maven\bin\m2.conf -Dmaven.home=C:\Program Files\NetBeans-18\netbeans\java\maven -Dlibrary.jansi.path=C:\Program Files\NetBeans-18\netbeans\java\maven\lib\jansi-native -Dmaven.multiModuleProjectDirectory=C:\Users\lelet\OneDrive\Documents\NetBeansProjects\LexAirportManagement 
java_command: org.codehaus.plexus.classworlds.launcher.Launcher -Dexec.vmArgs= -Dexec.args=${exec.vmArgs} -classpath %classpath ${exec.mainClass} ${exec.appArgs} -Dexec.appArgs= -Dexec.mainClass=lexairportmanagement.MainLexFlightSyt -Dexec.executable=C:\Program Files\Java\jdk-20\bin\java.exe -Dmaven.ext.class.path=C:\Program Files\NetBeans-18\netbeans\java\maven-nblib\netbeans-eventspy.jar --no-transfer-progress process-classes org.codehaus.mojo:exec-maven-plugin:3.1.0:exec
java_class_path (initial): C:\Program Files\NetBeans-18\netbeans\java\maven\boot\plexus-classworlds-2.6.0.jar
Launcher Type: SUN_STANDARD

[Global flags]
     intx CICompilerCount                          = 2                                         {product} {ergonomic}
     uint ConcGCThreads                            = 1                                         {product} {ergonomic}
     uint G1ConcRefinementThreads                  = 2                                         {product} {ergonomic}
   size_t G1HeapRegionSize                         = 1048576                                   {product} {ergonomic}
    uintx GCDrainStackTargetSize                   = 64                                        {product} {ergonomic}
   size_t InitialHeapSize                          = 65011712                                  {product} {ergonomic}
   size_t MarkStackSize                            = 4194304                                   {product} {ergonomic}
   size_t MaxHeapSize                              = 1027604480                                {product} {ergonomic}
   size_t MinHeapDeltaBytes                        = 1048576                                   {product} {ergonomic}
   size_t MinHeapSize                              = 8388608                                   {product} {ergonomic}
    uintx NonNMethodCodeHeapSize                   = 5826188                                {pd product} {ergonomic}
    uintx NonProfiledCodeHeapSize                  = 122916026                              {pd product} {ergonomic}
    uintx ProfiledCodeHeapSize                     = 122916026                              {pd product} {ergonomic}
    uintx ReservedCodeCacheSize                    = 251658240                              {pd product} {ergonomic}
     bool SegmentedCodeCache                       = true                                      {product} {ergonomic}
   size_t SoftMaxHeapSize                          = 1027604480                             {manageable} {ergonomic}
     bool UseCompressedClassPointers               = true                           {product lp64_product} {ergonomic}
     bool UseCompressedOops                        = true                           {product lp64_product} {ergonomic}
     bool UseG1GC                                  = true                                      {product} {ergonomic}
     bool UseLargePagesIndividualAllocation        = false                                  {pd product} {ergonomic}

Logging:
Log output configuration:
 #0: stdout all=warning uptime,level,tags foldmultilines=false
 #1: stderr all=off uptime,level,tags foldmultilines=false

Environment Variables:
JAVA_HOME=C:\Program Files\Java\jdk-20
PATH=C:\Program Files\Common Files\Oracle\Java\javapath;C:\Program Files (x86)\Common Files\Oracle\Java\javapath;C:\WINDOWS\system32;C:\WINDOWS;C:\WINDOWS\System32\Wbem;C:\WINDOWS\System32\WindowsPowerShell\v1.0\;C:\WINDOWS\System32\OpenSSH\;C:\Program Files\Java\jdk-20\bin;C:\Program Files\Java\jdk-20\bin;C:\Users\lelet\Downloads\python-3.11.5-amd64 (1).exe;C:\Users\lelet\AppData\Local\Programs\Python\Python311\Scripts\;C:\Users\lelet\AppData\Local\Programs\Python\Python311\;C:\Users\lelet\AppData\Local\Microsoft\WindowsApps;C:\eSupport\IntelliJ IDEA Community Edition 2022.3.2\bin;;C:\Program Files\JetBrains\IntelliJ IDEA 2023.1.1\bin;;C:\Users\lelet\AppData\Local\Programs\Microsoft VS Code\bin;C:\mysql-connector-j-8.1.0.jar;C:\Users\lelet\Downloads\xampp-windows-x64-8.1.17-0-VS16-installer.exe;C:\Users\lelet\Downloads\mysql-connector-j-8.1.0.zip;C:\Users\lelet\Downloads\mysql-connector-j-8.1.0.zip\mysql-connector-j-8.1.0;
USERNAME=lelet
OS=Windows_NT
PROCESSOR_IDENTIFIER=Intel64 Family 6 Model 122 Stepping 8, GenuineIntel
TMP=C:\Users\lelet\AppData\Local\Temp
TEMP=C:\Users\lelet\AppData\Local\Temp




---------------  S Y S T E M  ---------------

OS:
 Windows 11 , 64 bit Build 22621 (10.0.22621.2070)
OS uptime: 4 days 16:51 hours

CPU: total 2 (initial active 2) (2 cores per cpu, 1 threads per core) family 6 model 122 stepping 8 microcode 0x18, cx8, cmov, fxsr, mmx, 3dnowpref, sse, sse2, sse3, ssse3, sse4.1, sse4.2, popcnt, tsc, tscinvbit, aes, erms, clmul, sha, clflush, clflushopt, rdtscp, rdpid

Memory: 4k page, system-wide physical 3918M (416M free)
TotalPageFile size 15694M (AvailPageFile size 191M)
current process WorkingSet (physical memory assigned to process): 11M, peak: 11M
current process commit charge ("private bytes"): 46M, peak: 47M

vm_info: Java HotSpot(TM) 64-Bit Server VM (20.0.2+9-78) for windows-amd64 JRE (20.0.2+9-78), built on 2023-06-14T10:08:48Z by "mach5one" with MS VC++ 17.1 (VS2022)

END.
