#
# There is insufficient memory for the Java Runtime Environment to continue.
# Native memory allocation (malloc) failed to allocate 65552 bytes for Chunk::new
# Possible reasons:
#   The system is out of physical RAM or swap space
#   The process is running with CompressedOops enabled, and the Java Heap may be blocking the growth of the native heap
# Possible solutions:
#   Reduce memory load on the system
#   Increase physical memory or swap space
#   Check if swap backing store is full
#   Decrease Java heap size (-Xmx/-Xms)
#   Decrease number of Java threads
#   Decrease Java thread stack sizes (-Xss)
#   Set larger code cache with -XX:ReservedCodeCacheSize=
#   JVM is running with Unscaled Compressed Oops mode in which the Java heap is
#     placed in the first 4GB address space. The Java Heap base address is the
#     maximum limit for the native heap growth. Please use -XX:HeapBaseMinAddress
#     to set the Java Heap base and to place the Java Heap above 4GB virtual address.
# This output file may be truncated or incomplete.
#
#  Out of Memory Error (arena.cpp:184), pid=15820, tid=5600
#
# JRE version: Java(TM) SE Runtime Environment (20.0.2+9) (build 20.0.2+9-78)
# Java VM: Java HotSpot(TM) 64-Bit Server VM (20.0.2+9-78, mixed mode, sharing, tiered, compressed oops, compressed class ptrs, g1 gc, windows-amd64)
# No core dump will be written. Minidumps are not enabled by default on client versions of Windows
#

---------------  S U M M A R Y ------------

Command Line: -Dclassworlds.conf=C:\Program Files\NetBeans-18\netbeans\java\maven\bin\m2.conf -Dmaven.home=C:\Program Files\NetBeans-18\netbeans\java\maven -Dlibrary.jansi.path=C:\Program Files\NetBeans-18\netbeans\java\maven\lib\jansi-native -Dmaven.multiModuleProjectDirectory=C:\Users\lelet\OneDrive\Documents\NetBeansProjects\LexAirportManagement org.codehaus.plexus.classworlds.launcher.Launcher -Dmaven.ext.class.path=C:\Program Files\NetBeans-18\netbeans\java\maven-nblib\netbeans-eventspy.jar --no-transfer-progress clean install

Host: Intel(R) Celeron(R) N4020 CPU @ 1.10GHz, 2 cores, 3G,  Windows 11 , 64 bit Build 22621 (10.0.22621.2070)
Time: Fri Sep 15 20:50:16 2023 South Africa Standard Time elapsed time: 18.147102 seconds (0d 0h 0m 18s)

---------------  T H R E A D  ---------------

Current thread (0x000001c8ea85fa80):  JavaThread "C2 CompilerThread0" daemon [_thread_in_native, id=5600, stack(0x000000734fd00000,0x000000734fe00000)]


Current CompileTask:
C2:  18147 3818       4       java.lang.invoke.MethodType::makeImpl (109 bytes)

Stack: [0x000000734fd00000,0x000000734fe00000]
Native frames: (J=compiled Java code, j=interpreted, Vv=VM code, C=native code)
V  [jvm.dll+0x6bc25a]
V  [jvm.dll+0x84971a]
V  [jvm.dll+0x84b315]
V  [jvm.dll+0x84ba13]
V  [jvm.dll+0x280e4f]
V  [jvm.dll+0xc2ab1]
V  [jvm.dll+0xc2dd5]
V  [jvm.dll+0xc2bd4]
V  [jvm.dll+0x7110dc]
V  [jvm.dll+0x5ee3a7]
V  [jvm.dll+0x5d3508]
V  [jvm.dll+0x5cfdc2]
V  [jvm.dll+0x5d2934]
V  [jvm.dll+0x5d2239]
V  [jvm.dll+0x5d1960]
V  [jvm.dll+0x5d1974]
V  [jvm.dll+0x5e4258]
V  [jvm.dll+0x254684]
V  [jvm.dll+0x24cf0a]
V  [jvm.dll+0x24a819]
V  [jvm.dll+0x1ce761]
V  [jvm.dll+0x25a0eb]
V  [jvm.dll+0x2587c0]
V  [jvm.dll+0x3f2dd5]
V  [jvm.dll+0x7f5c76]
V  [jvm.dll+0x6baecb]
C  [ucrtbase.dll+0x29363]
C  [KERNEL32.DLL+0x126ad]
C  [ntdll.dll+0x5aa68]


---------------  P R O C E S S  ---------------

Threads class SMR info:
_java_thread_list=0x000001c8ea90a640, length=11, elements={
0x000001c8d02f0750, 0x000001c8ea8578a0, 0x000001c8ea858650, 0x000001c8ea85d250,
0x000001c8ea85db90, 0x000001c8ea85e4d0, 0x000001c8ea85ee10, 0x000001c8ea85fa80,
0x000001c8ea8646b0, 0x000001c8ea91ea80, 0x000001c8eec1e220
}

Java Threads: ( => current thread )
  0x000001c8d02f0750 JavaThread "main" [_thread_in_native, id=20760, stack(0x000000734f000000,0x000000734f100000)]
  0x000001c8ea8578a0 JavaThread "Reference Handler" daemon [_thread_blocked, id=728, stack(0x000000734f700000,0x000000734f800000)]
  0x000001c8ea858650 JavaThread "Finalizer" daemon [_thread_blocked, id=19400, stack(0x000000734f800000,0x000000734f900000)]
  0x000001c8ea85d250 JavaThread "Signal Dispatcher" daemon [_thread_blocked, id=30640, stack(0x000000734f900000,0x000000734fa00000)]
  0x000001c8ea85db90 JavaThread "Attach Listener" daemon [_thread_blocked, id=31072, stack(0x000000734fa00000,0x000000734fb00000)]
  0x000001c8ea85e4d0 JavaThread "Service Thread" daemon [_thread_blocked, id=29252, stack(0x000000734fb00000,0x000000734fc00000)]
  0x000001c8ea85ee10 JavaThread "Monitor Deflation Thread" daemon [_thread_blocked, id=26472, stack(0x000000734fc00000,0x000000734fd00000)]
=>0x000001c8ea85fa80 JavaThread "C2 CompilerThread0" daemon [_thread_in_native, id=5600, stack(0x000000734fd00000,0x000000734fe00000)]
  0x000001c8ea8646b0 JavaThread "C1 CompilerThread0" daemon [_thread_blocked, id=4168, stack(0x000000734fe00000,0x000000734ff00000)]
  0x000001c8ea91ea80 JavaThread "Notification Thread" daemon [_thread_blocked, id=29652, stack(0x000000734ff00000,0x0000007350000000)]
  0x000001c8eec1e220 JavaThread "Common-Cleaner" daemon [_thread_blocked, id=20168, stack(0x0000007350100000,0x0000007350200000)]

Other Threads:
  0x000001c8d03ab8c0 VMThread "VM Thread" [stack: 0x000000734f600000,0x000000734f700000] [id=21168]
  0x000001c8eec15d90 WatcherThread "VM Periodic Task Thread" [stack: 0x0000007350000000,0x0000007350100000] [id=31680]
  0x000001c8d0331220 WorkerThread "GC Thread#0" [stack: 0x000000734f100000,0x000000734f200000] [id=28560]
  0x000001c8eefccb80 WorkerThread "GC Thread#1" [stack: 0x0000007350200000,0x0000007350300000] [id=18240]
  0x000001c8d0339bb0 ConcurrentGCThread "G1 Main Marker" [stack: 0x000000734f200000,0x000000734f300000] [id=26520]
  0x000001c8d033a9b0 WorkerThread "G1 Conc#0" [stack: 0x000000734f300000,0x000000734f400000] [id=3096]
  0x000001c8d03844e0 ConcurrentGCThread "G1 Refine#0" [stack: 0x000000734f400000,0x000000734f500000] [id=31032]
  0x000001c8d0387850 ConcurrentGCThread "G1 Service" [stack: 0x000000734f500000,0x000000734f600000] [id=24644]

Threads with active compile tasks:
C2 CompilerThread0    18220 3818       4       java.lang.invoke.MethodType::makeImpl (109 bytes)

VM state: not at safepoint (normal execution)

VM Mutex/Monitor currently owned by a thread: None

Heap address: 0x00000000c2c00000, size: 980 MB, Compressed Oops mode: 32-bit

CDS archive(s) mapped at: [0x000001c880000000-0x000001c880c60000-0x000001c880c60000), size 12976128, SharedBaseAddress: 0x000001c880000000, ArchiveRelocationMode: 1.
Compressed class space mapped at: 0x000001c881000000-0x000001c8c1000000, reserved size: 1073741824
Narrow klass base: 0x000001c880000000, Narrow klass shift: 0, Narrow klass range: 0x100000000

GC Precious Log:
 CardTable entry size: 512
 Card Set container configuration: InlinePtr #cards 5 size 8 Array Of Cards #cards 12 size 40 Howl #buckets 4 coarsen threshold 1843 Howl Bitmap #cards 512 size 80 coarsen threshold 460 Card regions per heap region 1 cards per card region 2048
 CPUs: 2 total, 2 available
 Memory: 3918M
 Large Page Support: Disabled
 NUMA Support: Disabled
 Compressed Oops: Enabled (32-bit)
 Heap Region Size: 1M
 Heap Min Capacity: 8M
 Heap Initial Capacity: 62M
 Heap Max Capacity: 980M
 Pre-touch: Disabled
 Parallel Workers: 2
 Concurrent Workers: 1
 Concurrent Refinement Workers: 2
 Periodic GC: Disabled

Heap:
 garbage-first heap   total 63488K, used 30295K [0x00000000c2c00000, 0x0000000100000000)
  region size 1024K, 27 young (27648K), 5 survivors (5120K)
 Metaspace       used 16778K, committed 17088K, reserved 1114112K
  class space    used 1922K, committed 2048K, reserved 1048576K

Heap Regions: E=young(eden), S=young(survivor), O=old, HS=humongous(starts), HC=humongous(continues), CS=collection set, F=free, OA=open archive, CA=closed archive, TAMS=top-at-mark-start, PB=parsable bottom
|   0|0x00000000c2c00000, 0x00000000c2d00000, 0x00000000c2d00000|100%| O|  |TAMS 0x00000000c2c00000| PB 0x00000000c2c00000| Untracked 
|   1|0x00000000c2d00000, 0x00000000c2e00000, 0x00000000c2e00000|100%| O|  |TAMS 0x00000000c2d00000| PB 0x00000000c2d00000| Untracked 
|   2|0x00000000c2e00000, 0x00000000c2f00000, 0x00000000c2f00000|100%| O|  |TAMS 0x00000000c2e00000| PB 0x00000000c2e00000| Untracked 
|   3|0x00000000c2f00000, 0x00000000c2f95e00, 0x00000000c3000000| 58%| O|  |TAMS 0x00000000c2f00000| PB 0x00000000c2f00000| Untracked 
|   4|0x00000000c3000000, 0x00000000c3000000, 0x00000000c3100000|  0%| F|  |TAMS 0x00000000c3000000| PB 0x00000000c3000000| Untracked 
|   5|0x00000000c3100000, 0x00000000c3100000, 0x00000000c3200000|  0%| F|  |TAMS 0x00000000c3100000| PB 0x00000000c3100000| Untracked 
|   6|0x00000000c3200000, 0x00000000c3200000, 0x00000000c3300000|  0%| F|  |TAMS 0x00000000c3200000| PB 0x00000000c3200000| Untracked 
|   7|0x00000000c3300000, 0x00000000c3300000, 0x00000000c3400000|  0%| F|  |TAMS 0x00000000c3300000| PB 0x00000000c3300000| Untracked 
|   8|0x00000000c3400000, 0x00000000c3400000, 0x00000000c3500000|  0%| F|  |TAMS 0x00000000c3400000| PB 0x00000000c3400000| Untracked 
|   9|0x00000000c3500000, 0x00000000c3500000, 0x00000000c3600000|  0%| F|  |TAMS 0x00000000c3500000| PB 0x00000000c3500000| Untracked 
|  10|0x00000000c3600000, 0x00000000c3600000, 0x00000000c3700000|  0%| F|  |TAMS 0x00000000c3600000| PB 0x00000000c3600000| Untracked 
|  11|0x00000000c3700000, 0x00000000c3700000, 0x00000000c3800000|  0%| F|  |TAMS 0x00000000c3700000| PB 0x00000000c3700000| Untracked 
|  12|0x00000000c3800000, 0x00000000c3800000, 0x00000000c3900000|  0%| F|  |TAMS 0x00000000c3800000| PB 0x00000000c3800000| Untracked 
|  13|0x00000000c3900000, 0x00000000c3900000, 0x00000000c3a00000|  0%| F|  |TAMS 0x00000000c3900000| PB 0x00000000c3900000| Untracked 
|  14|0x00000000c3a00000, 0x00000000c3a00000, 0x00000000c3b00000|  0%| F|  |TAMS 0x00000000c3a00000| PB 0x00000000c3a00000| Untracked 
|  15|0x00000000c3b00000, 0x00000000c3b00000, 0x00000000c3c00000|  0%| F|  |TAMS 0x00000000c3b00000| PB 0x00000000c3b00000| Untracked 
|  16|0x00000000c3c00000, 0x00000000c3c00000, 0x00000000c3d00000|  0%| F|  |TAMS 0x00000000c3c00000| PB 0x00000000c3c00000| Untracked 
|  17|0x00000000c3d00000, 0x00000000c3d00000, 0x00000000c3e00000|  0%| F|  |TAMS 0x00000000c3d00000| PB 0x00000000c3d00000| Untracked 
|  18|0x00000000c3e00000, 0x00000000c3e00000, 0x00000000c3f00000|  0%| F|  |TAMS 0x00000000c3e00000| PB 0x00000000c3e00000| Untracked 
|  19|0x00000000c3f00000, 0x00000000c3f00000, 0x00000000c4000000|  0%| F|  |TAMS 0x00000000c3f00000| PB 0x00000000c3f00000| Untracked 
|  20|0x00000000c4000000, 0x00000000c4100000, 0x00000000c4100000|100%| S|CS|TAMS 0x00000000c4000000| PB 0x00000000c4000000| Complete 
|  21|0x00000000c4100000, 0x00000000c4100000, 0x00000000c4200000|  0%| F|  |TAMS 0x00000000c4100000| PB 0x00000000c4100000| Untracked 
|  22|0x00000000c4200000, 0x00000000c4200000, 0x00000000c4300000|  0%| F|  |TAMS 0x00000000c4200000| PB 0x00000000c4200000| Untracked 
|  23|0x00000000c4300000, 0x00000000c4300000, 0x00000000c4400000|  0%| F|  |TAMS 0x00000000c4300000| PB 0x00000000c4300000| Untracked 
|  24|0x00000000c4400000, 0x00000000c4400000, 0x00000000c4500000|  0%| F|  |TAMS 0x00000000c4400000| PB 0x00000000c4400000| Untracked 
|  25|0x00000000c4500000, 0x00000000c4600000, 0x00000000c4600000|100%| S|CS|TAMS 0x00000000c4500000| PB 0x00000000c4500000| Complete 
|  26|0x00000000c4600000, 0x00000000c4700000, 0x00000000c4700000|100%| S|CS|TAMS 0x00000000c4600000| PB 0x00000000c4600000| Complete 
|  27|0x00000000c4700000, 0x00000000c4800000, 0x00000000c4800000|100%| S|CS|TAMS 0x00000000c4700000| PB 0x00000000c4700000| Complete 
|  28|0x00000000c4800000, 0x00000000c4900000, 0x00000000c4900000|100%| S|CS|TAMS 0x00000000c4800000| PB 0x00000000c4800000| Complete 
|  29|0x00000000c4900000, 0x00000000c4900000, 0x00000000c4a00000|  0%| F|  |TAMS 0x00000000c4900000| PB 0x00000000c4900000| Untracked 
|  30|0x00000000c4a00000, 0x00000000c4a00000, 0x00000000c4b00000|  0%| F|  |TAMS 0x00000000c4a00000| PB 0x00000000c4a00000| Untracked 
|  31|0x00000000c4b00000, 0x00000000c4b00000, 0x00000000c4c00000|  0%| F|  |TAMS 0x00000000c4b00000| PB 0x00000000c4b00000| Untracked 
|  32|0x00000000c4c00000, 0x00000000c4c00000, 0x00000000c4d00000|  0%| F|  |TAMS 0x00000000c4c00000| PB 0x00000000c4c00000| Untracked 
|  33|0x00000000c4d00000, 0x00000000c4d00000, 0x00000000c4e00000|  0%| F|  |TAMS 0x00000000c4d00000| PB 0x00000000c4d00000| Untracked 
|  34|0x00000000c4e00000, 0x00000000c4e00000, 0x00000000c4f00000|  0%| F|  |TAMS 0x00000000c4e00000| PB 0x00000000c4e00000| Untracked 
|  35|0x00000000c4f00000, 0x00000000c4f00000, 0x00000000c5000000|  0%| F|  |TAMS 0x00000000c4f00000| PB 0x00000000c4f00000| Untracked 
|  36|0x00000000c5000000, 0x00000000c5000000, 0x00000000c5100000|  0%| F|  |TAMS 0x00000000c5000000| PB 0x00000000c5000000| Untracked 
|  37|0x00000000c5100000, 0x00000000c5100000, 0x00000000c5200000|  0%| F|  |TAMS 0x00000000c5100000| PB 0x00000000c5100000| Untracked 
|  38|0x00000000c5200000, 0x00000000c5200000, 0x00000000c5300000|  0%| F|  |TAMS 0x00000000c5200000| PB 0x00000000c5200000| Untracked 
|  39|0x00000000c5300000, 0x00000000c5300000, 0x00000000c5400000|  0%| F|  |TAMS 0x00000000c5300000| PB 0x00000000c5300000| Untracked 
|  40|0x00000000c5400000, 0x00000000c5500000, 0x00000000c5500000|100%| E|  |TAMS 0x00000000c5400000| PB 0x00000000c5400000| Complete 
|  41|0x00000000c5500000, 0x00000000c5600000, 0x00000000c5600000|100%| E|CS|TAMS 0x00000000c5500000| PB 0x00000000c5500000| Complete 
|  42|0x00000000c5600000, 0x00000000c5700000, 0x00000000c5700000|100%| E|CS|TAMS 0x00000000c5600000| PB 0x00000000c5600000| Complete 
|  43|0x00000000c5700000, 0x00000000c5800000, 0x00000000c5800000|100%| E|CS|TAMS 0x00000000c5700000| PB 0x00000000c5700000| Complete 
|  44|0x00000000c5800000, 0x00000000c5900000, 0x00000000c5900000|100%| E|CS|TAMS 0x00000000c5800000| PB 0x00000000c5800000| Complete 
|  45|0x00000000c5900000, 0x00000000c5a00000, 0x00000000c5a00000|100%| E|CS|TAMS 0x00000000c5900000| PB 0x00000000c5900000| Complete 
|  46|0x00000000c5a00000, 0x00000000c5b00000, 0x00000000c5b00000|100%| E|CS|TAMS 0x00000000c5a00000| PB 0x00000000c5a00000| Complete 
|  47|0x00000000c5b00000, 0x00000000c5c00000, 0x00000000c5c00000|100%| E|CS|TAMS 0x00000000c5b00000| PB 0x00000000c5b00000| Complete 
|  48|0x00000000c5c00000, 0x00000000c5d00000, 0x00000000c5d00000|100%| E|CS|TAMS 0x00000000c5c00000| PB 0x00000000c5c00000| Complete 
|  49|0x00000000c5d00000, 0x00000000c5e00000, 0x00000000c5e00000|100%| E|CS|TAMS 0x00000000c5d00000| PB 0x00000000c5d00000| Complete 
|  50|0x00000000c5e00000, 0x00000000c5f00000, 0x00000000c5f00000|100%| E|CS|TAMS 0x00000000c5e00000| PB 0x00000000c5e00000| Complete 
|  51|0x00000000c5f00000, 0x00000000c6000000, 0x00000000c6000000|100%| E|CS|TAMS 0x00000000c5f00000| PB 0x00000000c5f00000| Complete 
|  52|0x00000000c6000000, 0x00000000c6100000, 0x00000000c6100000|100%| E|CS|TAMS 0x00000000c6000000| PB 0x00000000c6000000| Complete 
|  53|0x00000000c6100000, 0x00000000c6200000, 0x00000000c6200000|100%| E|CS|TAMS 0x00000000c6100000| PB 0x00000000c6100000| Complete 
|  54|0x00000000c6200000, 0x00000000c6300000, 0x00000000c6300000|100%| E|CS|TAMS 0x00000000c6200000| PB 0x00000000c6200000| Complete 
|  55|0x00000000c6300000, 0x00000000c6400000, 0x00000000c6400000|100%| E|CS|TAMS 0x00000000c6300000| PB 0x00000000c6300000| Complete 
|  56|0x00000000c6400000, 0x00000000c6500000, 0x00000000c6500000|100%| E|CS|TAMS 0x00000000c6400000| PB 0x00000000c6400000| Complete 
|  57|0x00000000c6500000, 0x00000000c6600000, 0x00000000c6600000|100%| E|CS|TAMS 0x00000000c6500000| PB 0x00000000c6500000| Complete 
|  58|0x00000000c6600000, 0x00000000c6700000, 0x00000000c6700000|100%| E|CS|TAMS 0x00000000c6600000| PB 0x00000000c6600000| Complete 
|  59|0x00000000c6700000, 0x00000000c6800000, 0x00000000c6800000|100%| E|CS|TAMS 0x00000000c6700000| PB 0x00000000c6700000| Complete 
|  60|0x00000000c6800000, 0x00000000c6900000, 0x00000000c6900000|100%| E|CS|TAMS 0x00000000c6800000| PB 0x00000000c6800000| Complete 
|  61|0x00000000c6900000, 0x00000000c6a00000, 0x00000000c6a00000|100%| E|CS|TAMS 0x00000000c6900000| PB 0x00000000c6900000| Complete 

Card table byte_map: [0x000001c8d00a0000,0x000001c8d0290000] _byte_map_base: 0x000001c8cfa8a000

Marking Bits: (CMBitMap*) 0x000001c8d0331850
 Bits: [0x000001c8e75b0000, 0x000001c8e8500000)

Polling page: 0x000001c8ce130000

Metaspace:

Usage:
  Non-class:     14.51 MB used.
      Class:      1.88 MB used.
       Both:     16.39 MB used.

Virtual space:
  Non-class space:       64.00 MB reserved,      14.69 MB ( 23%) committed,  1 nodes.
      Class space:        1.00 GB reserved,       2.00 MB ( <1%) committed,  1 nodes.
             Both:        1.06 GB reserved,      16.69 MB (  2%) committed. 

Chunk freelists:
   Non-Class:  992.00 KB
       Class:  1.82 MB
        Both:  2.79 MB

MaxMetaspaceSize: unlimited
CompressedClassSpaceSize: 1.00 GB
Initial GC threshold: 21.00 MB
Current GC threshold: 21.00 MB
CDS: on
MetaspaceReclaimPolicy: balanced
 - commit_granule_bytes: 65536.
 - commit_granule_words: 8192.
 - virtual_space_node_default_size: 8388608.
 - enlarge_chunks_in_place: 1.
 - new_chunks_are_fully_committed: 0.
 - uncommit_free_chunks: 1.
 - use_allocation_guard: 0.


Internal statistics:

num_allocs_failed_limit: 0.
num_arena_births: 176.
num_arena_deaths: 0.
num_vsnodes_births: 2.
num_vsnodes_deaths: 0.
num_space_committed: 267.
num_space_uncommitted: 0.
num_chunks_returned_to_freelist: 0.
num_chunks_taken_from_freelist: 763.
num_chunk_merges: 0.
num_chunk_splits: 527.
num_chunks_enlarged: 428.
num_inconsistent_stats: 0.

CodeHeap 'non-profiled nmethods': size=120064Kb used=1575Kb max_used=1575Kb free=118488Kb
 bounds [0x000001c8dfe80000, 0x000001c8e00f0000, 0x000001c8e73c0000]
CodeHeap 'profiled nmethods': size=120000Kb used=7661Kb max_used=7661Kb free=112338Kb
 bounds [0x000001c8d83c0000, 0x000001c8d8b40000, 0x000001c8df8f0000]
CodeHeap 'non-nmethods': size=5696Kb used=1461Kb max_used=1487Kb free=4234Kb
 bounds [0x000001c8df8f0000, 0x000001c8dfb60000, 0x000001c8dfe80000]
 total_blobs=4305 nmethods=3813 adapters=403
 compilation: enabled
              stopped_count=0, restarted_count=0
 full_count=0

Compilation events (20 events):
Event: 18.060 Thread 0x000001c8ea8646b0 nmethod 3809 0x000001c8d8b37c90 code [0x000001c8d8b37f40, 0x000001c8d8b38c28]
Event: 18.060 Thread 0x000001c8ea8646b0 3808       3       jdk.internal.reflect.MethodHandleFieldAccessorImpl::ensureObj (30 bytes)
Event: 18.061 Thread 0x000001c8ea8646b0 nmethod 3808 0x000001c8d8b39290 code [0x000001c8d8b39480, 0x000001c8d8b39a70]
Event: 18.062 Thread 0x000001c8ea8646b0 3810       1       org.apache.maven.plugin.MojoExecution::getMojoDescriptor (5 bytes)
Event: 18.062 Thread 0x000001c8ea8646b0 nmethod 3810 0x000001c8e0009490 code [0x000001c8e0009600, 0x000001c8e00096c8]
Event: 18.063 Thread 0x000001c8ea8646b0 3811       3       org.eclipse.sisu.inject.MildKeys::get (14 bytes)
Event: 18.063 Thread 0x000001c8ea8646b0 nmethod 3811 0x000001c8d8b39c90 code [0x000001c8d8b39e60, 0x000001c8d8b3a2e8]
Event: 18.065 Thread 0x000001c8ea8646b0 3812       3       java.lang.invoke.DirectMethodHandle::checkCast (9 bytes)
Event: 18.065 Thread 0x000001c8ea8646b0 nmethod 3812 0x000001c8d8b3a510 code [0x000001c8d8b3a6a0, 0x000001c8d8b3a940]
Event: 18.071 Thread 0x000001c8ea8646b0 3813       3       jdk.internal.loader.BuiltinClassLoader::loadClass (22 bytes)
Event: 18.071 Thread 0x000001c8ea8646b0 nmethod 3813 0x000001c8d8b3aa10 code [0x000001c8d8b3abc0, 0x000001c8d8b3ae70]
Event: 18.071 Thread 0x000001c8ea8646b0 3814       1       java.security.PermissionCollection::isReadOnly (5 bytes)
Event: 18.072 Thread 0x000001c8ea8646b0 nmethod 3814 0x000001c8e0009790 code [0x000001c8e0009900, 0x000001c8e00099d0]
Event: 18.079 Thread 0x000001c8ea8646b0 3815       3       java.nio.MappedByteBuffer::position (8 bytes)
Event: 18.079 Thread 0x000001c8ea8646b0 nmethod 3815 0x000001c8d8b3af90 code [0x000001c8d8b3b120, 0x000001c8d8b3b2d0]
Event: 18.080 Thread 0x000001c8ea8646b0 3816       3       java.nio.MappedByteBuffer::limit (8 bytes)
Event: 18.080 Thread 0x000001c8ea8646b0 nmethod 3816 0x000001c8d8b3b390 code [0x000001c8d8b3b520, 0x000001c8d8b3b6d0]
Event: 18.081 Thread 0x000001c8ea8646b0 3817       1       java.util.concurrent.CopyOnWriteArrayList::setArray (6 bytes)
Event: 18.082 Thread 0x000001c8ea8646b0 nmethod 3817 0x000001c8e0009a90 code [0x000001c8e0009c20, 0x000001c8e0009d38]
Event: 18.082 Thread 0x000001c8ea85fa80 3818       4       java.lang.invoke.MethodType::makeImpl (109 bytes)

GC Heap History (10 events):
Event: 3.961 GC heap before
{Heap before GC invocations=0 (full 0):
 garbage-first heap   total 63488K, used 6144K [0x00000000c2c00000, 0x0000000100000000)
  region size 1024K, 6 young (6144K), 0 survivors (0K)
 Metaspace       used 1809K, committed 1984K, reserved 1114112K
  class space    used 155K, committed 256K, reserved 1048576K
}
Event: 4.209 GC heap after
{Heap after GC invocations=1 (full 0):
 garbage-first heap   total 63488K, used 2048K [0x00000000c2c00000, 0x0000000100000000)
  region size 1024K, 1 young (1024K), 1 survivors (1024K)
 Metaspace       used 1809K, committed 1984K, reserved 1114112K
  class space    used 155K, committed 256K, reserved 1048576K
}
Event: 4.911 GC heap before
{Heap before GC invocations=1 (full 0):
 garbage-first heap   total 63488K, used 6144K [0x00000000c2c00000, 0x0000000100000000)
  region size 1024K, 5 young (5120K), 1 survivors (1024K)
 Metaspace       used 2813K, committed 3008K, reserved 1114112K
  class space    used 271K, committed 384K, reserved 1048576K
}
Event: 4.916 GC heap after
{Heap after GC invocations=2 (full 0):
 garbage-first heap   total 63488K, used 3240K [0x00000000c2c00000, 0x0000000100000000)
  region size 1024K, 1 young (1024K), 1 survivors (1024K)
 Metaspace       used 2813K, committed 3008K, reserved 1114112K
  class space    used 271K, committed 384K, reserved 1048576K
}
Event: 5.931 GC heap before
{Heap before GC invocations=2 (full 0):
 garbage-first heap   total 63488K, used 11432K [0x00000000c2c00000, 0x0000000100000000)
  region size 1024K, 10 young (10240K), 1 survivors (1024K)
 Metaspace       used 5171K, committed 5312K, reserved 1114112K
  class space    used 595K, committed 640K, reserved 1048576K
}
Event: 5.938 GC heap after
{Heap after GC invocations=3 (full 0):
 garbage-first heap   total 63488K, used 3873K [0x00000000c2c00000, 0x0000000100000000)
  region size 1024K, 2 young (2048K), 2 survivors (2048K)
 Metaspace       used 5171K, committed 5312K, reserved 1114112K
  class space    used 595K, committed 640K, reserved 1048576K
}
Event: 9.063 GC heap before
{Heap before GC invocations=3 (full 0):
 garbage-first heap   total 63488K, used 38689K [0x00000000c2c00000, 0x0000000100000000)
  region size 1024K, 37 young (37888K), 2 survivors (2048K)
 Metaspace       used 10632K, committed 10880K, reserved 1114112K
  class space    used 1266K, committed 1408K, reserved 1048576K
}
Event: 9.075 GC heap after
{Heap after GC invocations=4 (full 0):
 garbage-first heap   total 63488K, used 6112K [0x00000000c2c00000, 0x0000000100000000)
  region size 1024K, 4 young (4096K), 4 survivors (4096K)
 Metaspace       used 10632K, committed 10880K, reserved 1114112K
  class space    used 1266K, committed 1408K, reserved 1048576K
}
Event: 12.959 GC heap before
{Heap before GC invocations=4 (full 0):
 garbage-first heap   total 63488K, used 39904K [0x00000000c2c00000, 0x0000000100000000)
  region size 1024K, 37 young (37888K), 4 survivors (4096K)
 Metaspace       used 15301K, committed 15616K, reserved 1114112K
  class space    used 1787K, committed 1920K, reserved 1048576K
}
Event: 12.975 GC heap after
{Heap after GC invocations=5 (full 0):
 garbage-first heap   total 63488K, used 8791K [0x00000000c2c00000, 0x0000000100000000)
  region size 1024K, 5 young (5120K), 5 survivors (5120K)
 Metaspace       used 15301K, committed 15616K, reserved 1114112K
  class space    used 1787K, committed 1920K, reserved 1048576K
}

Dll operation events (8 events):
Event: 0.052 Loaded shared library C:\Program Files\Java\jdk-20\bin\java.dll
Event: 0.141 Loaded shared library C:\Program Files\Java\jdk-20\bin\jsvml.dll
Event: 0.716 Loaded shared library C:\Program Files\Java\jdk-20\bin\net.dll
Event: 0.899 Loaded shared library C:\Program Files\Java\jdk-20\bin\nio.dll
Event: 0.916 Loaded shared library C:\Program Files\Java\jdk-20\bin\zip.dll
Event: 2.146 Loaded shared library C:\Program Files\Java\jdk-20\bin\jimage.dll
Event: 3.210 Loaded shared library C:\Program Files\NetBeans-18\netbeans\java\maven\lib\jansi-native\Windows\x86_64\jansi.dll
Event: 3.369 Loaded shared library C:\Program Files\Java\jdk-20\bin\verify.dll

Deoptimization events (20 events):
Event: 16.726 Thread 0x000001c8d02f0750 Uncommon trap: trap_request=0xffffffde fr.pc=0x000001c8dfebc1ac relative=0x0000000000000dac
Event: 16.726 Thread 0x000001c8d02f0750 Uncommon trap: reason=class_check action=maybe_recompile pc=0x000001c8dfebc1ac method=java.util.concurrent.ConcurrentHashMap.putVal(Ljava/lang/Object;Ljava/lang/Object;Z)Ljava/lang/Object; @ 242 c2
Event: 16.726 Thread 0x000001c8d02f0750 DEOPT PACKING pc=0x000001c8dfebc1ac sp=0x000000734f0fd0c0
Event: 16.726 Thread 0x000001c8d02f0750 DEOPT UNPACKING pc=0x000001c8df959d1c sp=0x000000734f0fd030 mode 2
Event: 17.657 Thread 0x000001c8d02f0750 Uncommon trap: trap_request=0xffffff45 fr.pc=0x000001c8dfed77b4 relative=0x00000000000000b4
Event: 17.657 Thread 0x000001c8d02f0750 Uncommon trap: reason=unstable_if action=reinterpret pc=0x000001c8dfed77b4 method=java.nio.Buffer.limit(I)Ljava/nio/Buffer; @ 42 c2
Event: 17.657 Thread 0x000001c8d02f0750 DEOPT PACKING pc=0x000001c8dfed77b4 sp=0x000000734f0f8950
Event: 17.657 Thread 0x000001c8d02f0750 DEOPT UNPACKING pc=0x000001c8df959d1c sp=0x000000734f0f88d8 mode 2
Event: 17.657 Thread 0x000001c8d02f0750 Uncommon trap: trap_request=0xffffffc6 fr.pc=0x000001c8dfed7dfc relative=0x000000000000033c
Event: 17.657 Thread 0x000001c8d02f0750 Uncommon trap: reason=bimorphic_or_optimized_type_check action=maybe_recompile pc=0x000001c8dfed7dfc method=java.nio.Buffer.<init>(IIIILjava/lang/foreign/MemorySegment;)V @ 39 c2
Event: 17.657 Thread 0x000001c8d02f0750 DEOPT PACKING pc=0x000001c8dfed7dfc sp=0x000000734f0f8610
Event: 17.657 Thread 0x000001c8d02f0750 DEOPT UNPACKING pc=0x000001c8df959d1c sp=0x000000734f0f85b8 mode 2
Event: 17.660 Thread 0x000001c8d02f0750 Uncommon trap: trap_request=0xffffffc6 fr.pc=0x000001c8dfed7dfc relative=0x000000000000033c
Event: 17.660 Thread 0x000001c8d02f0750 Uncommon trap: reason=bimorphic_or_optimized_type_check action=maybe_recompile pc=0x000001c8dfed7dfc method=java.nio.Buffer.<init>(IIIILjava/lang/foreign/MemorySegment;)V @ 39 c2
Event: 17.660 Thread 0x000001c8d02f0750 DEOPT PACKING pc=0x000001c8dfed7dfc sp=0x000000734f0f8610
Event: 17.660 Thread 0x000001c8d02f0750 DEOPT UNPACKING pc=0x000001c8df959d1c sp=0x000000734f0f85b8 mode 2
Event: 17.661 Thread 0x000001c8d02f0750 Uncommon trap: trap_request=0xffffffc6 fr.pc=0x000001c8dfed7dfc relative=0x000000000000033c
Event: 17.661 Thread 0x000001c8d02f0750 Uncommon trap: reason=bimorphic_or_optimized_type_check action=maybe_recompile pc=0x000001c8dfed7dfc method=java.nio.Buffer.<init>(IIIILjava/lang/foreign/MemorySegment;)V @ 39 c2
Event: 17.661 Thread 0x000001c8d02f0750 DEOPT PACKING pc=0x000001c8dfed7dfc sp=0x000000734f0f6c50
Event: 17.661 Thread 0x000001c8d02f0750 DEOPT UNPACKING pc=0x000001c8df959d1c sp=0x000000734f0f6bf8 mode 2

Classes loaded (20 events):
Event: 13.226 Loading class jdk/internal/reflect/MethodHandleBooleanFieldAccessorImpl
Event: 13.227 Loading class jdk/internal/reflect/MethodHandleBooleanFieldAccessorImpl done
Event: 15.098 Loading class java/lang/Character$UnicodeBlock
Event: 15.100 Loading class java/lang/Character$Subset
Event: 15.100 Loading class java/lang/Character$Subset done
Event: 15.100 Loading class java/lang/Character$UnicodeBlock done
Event: 17.890 Loading class java/io/FileWriter
Event: 17.890 Loading class java/io/FileWriter done
Event: 17.968 Loading class java/util/stream/MatchOps$MatchKind
Event: 17.968 Loading class java/util/stream/MatchOps$MatchKind done
Event: 17.969 Loading class java/util/stream/MatchOps
Event: 17.969 Loading class java/util/stream/MatchOps done
Event: 17.969 Loading class java/util/stream/MatchOps$MatchOp
Event: 17.972 Loading class java/util/stream/MatchOps$MatchOp done
Event: 17.972 Loading class java/util/stream/MatchOps$BooleanTerminalSink
Event: 17.972 Loading class java/util/stream/MatchOps$BooleanTerminalSink done
Event: 17.973 Loading class java/util/stream/MatchOps$1MatchSink
Event: 17.974 Loading class java/util/stream/MatchOps$1MatchSink done
Event: 18.061 Loading class jdk/internal/reflect/MethodHandleIntegerFieldAccessorImpl
Event: 18.062 Loading class jdk/internal/reflect/MethodHandleIntegerFieldAccessorImpl done

Classes unloaded (0 events):
No events

Classes redefined (0 events):
No events

Internal exceptions (20 events):
Event: 8.883 Thread 0x000001c8d02f0750 Exception <a 'java/lang/ExceptionInInitializerError'{0x00000000c4769cc0}> (0x00000000c4769cc0) 
thrown [s\open\src\hotspot\share\oops\instanceKlass.cpp, line 1160]
Event: 8.942 Thread 0x000001c8d02f0750 Exception <a 'java/lang/NoSuchMethodError'{0x00000000c4678130}: 'long java.lang.invoke.DirectMethodHandle$Holder.invokeStatic(java.lang.Object, java.lang.Object, int)'> (0x00000000c4678130) 
thrown [s\open\src\hotspot\share\interpreter\linkResolver.cpp, line 773]
Event: 8.944 Thread 0x000001c8d02f0750 Exception <a 'java/lang/NoSuchMethodError'{0x00000000c468b418}: 'java.lang.Object java.lang.invoke.DirectMethodHandle$Holder.invokeStatic(java.lang.Object, java.lang.Object, java.lang.Object, java.lang.Object, int)'> (0x00000000c468b418) 
thrown [s\open\src\hotspot\share\interpreter\linkResolver.cpp, line 773]
Event: 8.946 Thread 0x000001c8d02f0750 Exception <a 'java/lang/NoSuchMethodError'{0x00000000c4693330}: 'java.lang.Object java.lang.invoke.DirectMethodHandle$Holder.invokeSpecial(java.lang.Object, java.lang.Object, java.lang.Object, java.lang.Object, long)'> (0x00000000c4693330) 
thrown [s\open\src\hotspot\share\interpreter\linkResolver.cpp, line 773]
Event: 8.952 Thread 0x000001c8d02f0750 Exception <a 'java/lang/NoSuchMethodError'{0x00000000c469ee20}: 'java.lang.Object java.lang.invoke.DirectMethodHandle$Holder.invokeSpecial(java.lang.Object, java.lang.Object, java.lang.Object, int, java.lang.Object)'> (0x00000000c469ee20) 
thrown [s\open\src\hotspot\share\interpreter\linkResolver.cpp, line 773]
Event: 8.954 Thread 0x000001c8d02f0750 Exception <a 'java/lang/NoSuchMethodError'{0x00000000c46a7230}: 'int java.lang.invoke.DirectMethodHandle$Holder.invokeSpecial(java.lang.Object, java.lang.Object, java.lang.Object, int)'> (0x00000000c46a7230) 
thrown [s\open\src\hotspot\share\interpreter\linkResolver.cpp, line 773]
Event: 8.974 Thread 0x000001c8d02f0750 Implicit null exception at 0x000001c8dfee951d to 0x000001c8dfee9634
Event: 8.979 Thread 0x000001c8d02f0750 Exception <a 'java/lang/NoSuchMethodError'{0x00000000c46cbca8}: 'java.lang.Object java.lang.invoke.Invokers$Holder.invokeExact_MT(java.lang.Object, int, java.lang.Object)'> (0x00000000c46cbca8) 
thrown [s\open\src\hotspot\share\interpreter\linkResolver.cpp, line 773]
Event: 9.030 Thread 0x000001c8d02f0750 Exception <a 'java/lang/NoSuchMethodError'{0x00000000c4555028}: 'void java.lang.invoke.DirectMethodHandle$Holder.invokeStatic(java.lang.Object, java.lang.Object)'> (0x00000000c4555028) 
thrown [s\open\src\hotspot\share\interpreter\linkResolver.cpp, line 773]
Event: 9.931 Thread 0x000001c8d02f0750 Exception <a 'java/lang/NoSuchMethodError'{0x00000000c6223670}: 'void java.lang.invoke.Invokers$Holder.invokeExact_MT(java.lang.Object, java.lang.Object, java.lang.Object, java.lang.Object)'> (0x00000000c6223670) 
thrown [s\open\src\hotspot\share\interpreter\linkResolver.cpp, line 773]
Event: 9.997 Thread 0x000001c8d02f0750 Exception <a 'java/lang/NoClassDefFoundError'{0x00000000c62b13d8}: com/google/inject/servlet/ServletModuleTargetVisitor> (0x00000000c62b13d8) 
thrown [s\open\src\hotspot\share\classfile\systemDictionary.cpp, line 294]
Event: 10.250 Thread 0x000001c8d02f0750 Exception <a 'java/lang/NoSuchMethodError'{0x00000000c5f5cde8}: 'void java.lang.invoke.DirectMethodHandle$Holder.invokeVirtual(java.lang.Object, java.lang.Object)'> (0x00000000c5f5cde8) 
thrown [s\open\src\hotspot\share\interpreter\linkResolver.cpp, line 773]
Event: 10.430 Thread 0x000001c8d02f0750 Exception <a 'java/lang/NoSuchMethodError'{0x00000000c5fea9b0}: 'java.lang.Object java.lang.invoke.DirectMethodHandle$Holder.invokeStaticInit(java.lang.Object, int, int, int, int)'> (0x00000000c5fea9b0) 
thrown [s\open\src\hotspot\share\interpreter\linkResolver.cpp, line 773]
Event: 11.191 Thread 0x000001c8d02f0750 Exception <a 'java/lang/NoSuchMethodError'{0x00000000c59a8db8}: 'void java.lang.invoke.DirectMethodHandle$Holder.invokeVirtual(java.lang.Object, java.lang.Object, int)'> (0x00000000c59a8db8) 
thrown [s\open\src\hotspot\share\interpreter\linkResolver.cpp, line 773]
Event: 11.192 Thread 0x000001c8d02f0750 Exception <a 'java/lang/NoSuchMethodError'{0x00000000c59afe80}: 'void java.lang.invoke.DelegatingMethodHandle$Holder.reinvoke_L(java.lang.Object, java.lang.Object, int)'> (0x00000000c59afe80) 
thrown [s\open\src\hotspot\share\interpreter\linkResolver.cpp, line 773]
Event: 11.613 Thread 0x000001c8d02f0750 Implicit null exception at 0x000001c8dff2a823 to 0x000001c8dff2aeec
Event: 12.785 Thread 0x000001c8d02f0750 Exception <a 'java/lang/NoSuchMethodError'{0x00000000c4b32ff8}: 'java.lang.Object java.lang.invoke.DirectMethodHandle$Holder.newInvokeSpecial(java.lang.Object, java.lang.Object, java.lang.Object, java.lang.Object, java.lang.Object, java.lang.Object, java.lang.Object)'> (0x00000000c4b32ff8) 
thrown [s\open\src\hotspot\share\interpreter\linkResolver.cpp, line 773]
Event: 13.082 Thread 0x000001c8d02f0750 Exception <a 'java/lang/NoSuchMethodError'{0x00000000c69ff940}: 'int java.lang.invoke.DirectMethodHandle$Holder.invokeVirtual(java.lang.Object, java.lang.Object)'> (0x00000000c69ff940) 
thrown [s\open\src\hotspot\share\interpreter\linkResolver.cpp, line 773]
Event: 13.083 Thread 0x000001c8d02f0750 Exception <a 'java/lang/NoSuchMethodError'{0x00000000c6805de8}: 'void java.lang.invoke.DirectMethodHandle$Holder.invokeSpecial(java.lang.Object, java.lang.Object, java.lang.Object, java.lang.Object, java.lang.Object)'> (0x00000000c6805de8) 
thrown [s\open\src\hotspot\share\interpreter\linkResolver.cpp, line 773]
Event: 13.242 Thread 0x000001c8d02f0750 Exception <a 'java/lang/NoSuchMethodError'{0x00000000c673aa48}: 'void java.lang.invoke.DirectMethodHandle$Holder.invokeInterface(java.lang.Object, java.lang.Object, java.lang.Object)'> (0x00000000c673aa48) 
thrown [s\open\src\hotspot\share\interpreter\linkResolver.cpp, line 773]

VM Operations (20 events):
Event: 11.260 Executing VM operation: Cleanup
Event: 11.261 Executing VM operation: Cleanup done
Event: 11.261 Executing VM operation: HandshakeAllThreads
Event: 11.261 Executing VM operation: HandshakeAllThreads done
Event: 12.269 Executing VM operation: Cleanup
Event: 12.269 Executing VM operation: Cleanup done
Event: 12.959 Executing VM operation: G1CollectForAllocation
Event: 12.999 Executing VM operation: G1CollectForAllocation done
Event: 13.204 Executing VM operation: HandshakeAllThreads
Event: 13.204 Executing VM operation: HandshakeAllThreads done
Event: 13.228 Executing VM operation: HandshakeAllThreads
Event: 13.228 Executing VM operation: HandshakeAllThreads done
Event: 14.243 Executing VM operation: Cleanup
Event: 14.246 Executing VM operation: Cleanup done
Event: 15.314 Executing VM operation: Cleanup
Event: 15.438 Executing VM operation: Cleanup done
Event: 16.439 Executing VM operation: Cleanup
Event: 16.439 Executing VM operation: Cleanup done
Event: 17.454 Executing VM operation: Cleanup
Event: 17.454 Executing VM operation: Cleanup done

Events (11 events):
Event: 0.141 Thread 0x000001c8d02f0750 Thread added: 0x000001c8d02f0750
Event: 0.202 Thread 0x000001c8ea8578a0 Thread added: 0x000001c8ea8578a0
Event: 0.202 Thread 0x000001c8ea858650 Thread added: 0x000001c8ea858650
Event: 0.203 Thread 0x000001c8ea85d250 Thread added: 0x000001c8ea85d250
Event: 0.204 Thread 0x000001c8ea85db90 Thread added: 0x000001c8ea85db90
Event: 0.204 Thread 0x000001c8ea85e4d0 Thread added: 0x000001c8ea85e4d0
Event: 0.204 Thread 0x000001c8ea85ee10 Thread added: 0x000001c8ea85ee10
Event: 0.205 Thread 0x000001c8ea85fa80 Thread added: 0x000001c8ea85fa80
Event: 0.212 Thread 0x000001c8ea8646b0 Thread added: 0x000001c8ea8646b0
Event: 0.556 Thread 0x000001c8ea91ea80 Thread added: 0x000001c8ea91ea80
Event: 0.575 Thread 0x000001c8eec1e220 Thread added: 0x000001c8eec1e220


Dynamic libraries:
0x00007ff6e57f0000 - 0x00007ff6e5800000 	C:\Program Files\Java\jdk-20\bin\java.exe
0x00007ffcdfeb0000 - 0x00007ffce00c4000 	C:\WINDOWS\SYSTEM32\ntdll.dll
0x00007ffccf230000 - 0x00007ffccf249000 	C:\Program Files\Avast Software\Avast\aswhook.dll
0x00007ffcde960000 - 0x00007ffcdea24000 	C:\WINDOWS\System32\KERNEL32.DLL
0x00007ffcdd510000 - 0x00007ffcdd8b4000 	C:\WINDOWS\System32\KERNELBASE.dll
0x00007ffcdd8c0000 - 0x00007ffcdd9d1000 	C:\WINDOWS\System32\ucrtbase.dll
0x00007ffcd81b0000 - 0x00007ffcd81c9000 	C:\Program Files\Java\jdk-20\bin\jli.dll
0x00007ffcdf2c0000 - 0x00007ffcdf370000 	C:\WINDOWS\System32\ADVAPI32.dll
0x00007ffcb4f50000 - 0x00007ffcb4f6b000 	C:\Program Files\Java\jdk-20\bin\VCRUNTIME140.dll
0x00007ffcdfc80000 - 0x00007ffcdfd27000 	C:\WINDOWS\System32\msvcrt.dll
0x00007ffcdfbd0000 - 0x00007ffcdfc76000 	C:\WINDOWS\System32\sechost.dll
0x00007ffcdf1a0000 - 0x00007ffcdf2b7000 	C:\WINDOWS\System32\RPCRT4.dll
0x00007ffcc4590000 - 0x00007ffcc481f000 	C:\WINDOWS\WinSxS\amd64_microsoft.windows.common-controls_6595b64144ccf1df_6.0.22621.2070_none_2713e6537381f706\COMCTL32.dll
0x00007ffcdfb90000 - 0x00007ffcdfbb9000 	C:\WINDOWS\System32\GDI32.dll
0x00007ffcdd9e0000 - 0x00007ffcdda06000 	C:\WINDOWS\System32\win32u.dll
0x00007ffcdea40000 - 0x00007ffcdebea000 	C:\WINDOWS\System32\USER32.dll
0x00007ffcddb50000 - 0x00007ffcddc69000 	C:\WINDOWS\System32\gdi32full.dll
0x00007ffcdd470000 - 0x00007ffcdd50a000 	C:\WINDOWS\System32\msvcp_win.dll
0x00007ffcce2e0000 - 0x00007ffcce2ea000 	C:\WINDOWS\SYSTEM32\VERSION.dll
0x00007ffcddc70000 - 0x00007ffcddca1000 	C:\WINDOWS\System32\IMM32.DLL
0x00007ffcda120000 - 0x00007ffcda12c000 	C:\Program Files\Java\jdk-20\bin\vcruntime140_1.dll
0x00007ffc8cf10000 - 0x00007ffc8cf9e000 	C:\Program Files\Java\jdk-20\bin\msvcp140.dll
0x00007ffc99810000 - 0x00007ffc9a4a8000 	C:\Program Files\Java\jdk-20\bin\server\jvm.dll
0x00007ffcc6af0000 - 0x00007ffcc6af9000 	C:\WINDOWS\SYSTEM32\WSOCK32.dll
0x00007ffcde6c0000 - 0x00007ffcde731000 	C:\WINDOWS\System32\WS2_32.dll
0x00007ffccf1d0000 - 0x00007ffccf204000 	C:\WINDOWS\SYSTEM32\WINMM.dll
0x00007ffcdc2d0000 - 0x00007ffcdc2e8000 	C:\WINDOWS\SYSTEM32\kernel.appcore.dll
0x00007ffcd5630000 - 0x00007ffcd563a000 	C:\Program Files\Java\jdk-20\bin\jimage.dll
0x00007ffcdaba0000 - 0x00007ffcdadce000 	C:\WINDOWS\SYSTEM32\DBGHELP.DLL
0x00007ffcdedf0000 - 0x00007ffcdf17a000 	C:\WINDOWS\System32\combase.dll
0x00007ffcddd40000 - 0x00007ffcdde17000 	C:\WINDOWS\System32\OLEAUT32.dll
0x00007ffccdf20000 - 0x00007ffccdf52000 	C:\WINDOWS\SYSTEM32\dbgcore.DLL
0x00007ffcdda10000 - 0x00007ffcdda8a000 	C:\WINDOWS\System32\bcryptPrimitives.dll
0x00007ffc997a0000 - 0x00007ffc997c6000 	C:\Program Files\Java\jdk-20\bin\java.dll
0x00007ffc996c0000 - 0x00007ffc99797000 	C:\Program Files\Java\jdk-20\bin\jsvml.dll
0x00007ffcdf370000 - 0x00007ffcdfb86000 	C:\WINDOWS\System32\SHELL32.dll
0x00007ffcdb260000 - 0x00007ffcdbb4a000 	C:\WINDOWS\SYSTEM32\windows.storage.dll
0x00007ffcdb120000 - 0x00007ffcdb25e000 	C:\WINDOWS\SYSTEM32\wintypes.dll
0x00007ffcdecf0000 - 0x00007ffcdede3000 	C:\WINDOWS\System32\SHCORE.dll
0x00007ffcde740000 - 0x00007ffcde79e000 	C:\WINDOWS\System32\shlwapi.dll
0x00007ffcdd1c0000 - 0x00007ffcdd1e6000 	C:\WINDOWS\SYSTEM32\profapi.dll
0x00007ffc99590000 - 0x00007ffc995a3000 	C:\Program Files\Java\jdk-20\bin\net.dll
0x00007ffccef70000 - 0x00007ffccf0a7000 	C:\WINDOWS\SYSTEM32\WINHTTP.dll
0x00007ffcdc750000 - 0x00007ffcdc7b9000 	C:\WINDOWS\system32\mswsock.dll
0x00007ffc99570000 - 0x00007ffc99586000 	C:\Program Files\Java\jdk-20\bin\nio.dll
0x00007ffc99550000 - 0x00007ffc99568000 	C:\Program Files\Java\jdk-20\bin\zip.dll
0x0000000069ac0000 - 0x0000000069ae4000 	C:\Program Files\NetBeans-18\netbeans\java\maven\lib\jansi-native\Windows\x86_64\jansi.dll
0x00007ffccf350000 - 0x00007ffccf360000 	C:\Program Files\Java\jdk-20\bin\verify.dll

dbghelp: loaded successfully - version: 4.0.5 - missing functions: none
symbol engine: initialized successfully - sym options: 0x614 - pdb path: .;C:\Program Files\Java\jdk-20\bin;C:\WINDOWS\SYSTEM32;C:\Program Files\Avast Software\Avast;C:\WINDOWS\WinSxS\amd64_microsoft.windows.common-controls_6595b64144ccf1df_6.0.22621.2070_none_2713e6537381f706;C:\Program Files\Java\jdk-20\bin\server;C:\Program Files\NetBeans-18\netbeans\java\maven\lib\jansi-native\Windows\x86_64

VM Arguments:
jvm_args: -Dclassworlds.conf=C:\Program Files\NetBeans-18\netbeans\java\maven\bin\m2.conf -Dmaven.home=C:\Program Files\NetBeans-18\netbeans\java\maven -Dlibrary.jansi.path=C:\Program Files\NetBeans-18\netbeans\java\maven\lib\jansi-native -Dmaven.multiModuleProjectDirectory=C:\Users\lelet\OneDrive\Documents\NetBeansProjects\LexAirportManagement 
java_command: org.codehaus.plexus.classworlds.launcher.Launcher -Dmaven.ext.class.path=C:\Program Files\NetBeans-18\netbeans\java\maven-nblib\netbeans-eventspy.jar --no-transfer-progress clean install
java_class_path (initial): C:\Program Files\NetBeans-18\netbeans\java\maven\boot\plexus-classworlds-2.6.0.jar
Launcher Type: SUN_STANDARD

[Global flags]
     intx CICompilerCount                          = 2                                         {product} {ergonomic}
     uint ConcGCThreads                            = 1                                         {product} {ergonomic}
     uint G1ConcRefinementThreads                  = 2                                         {product} {ergonomic}
   size_t G1HeapRegionSize                         = 1048576                                   {product} {ergonomic}
    uintx GCDrainStackTargetSize                   = 64                                        {product} {ergonomic}
   size_t InitialHeapSize                          = 65011712                                  {product} {ergonomic}
   size_t MarkStackSize                            = 4194304                                   {product} {ergonomic}
   size_t MaxHeapSize                              = 1027604480                                {product} {ergonomic}
   size_t MaxNewSize                               = 616562688                                 {product} {ergonomic}
   size_t MinHeapDeltaBytes                        = 1048576                                   {product} {ergonomic}
   size_t MinHeapSize                              = 8388608                                   {product} {ergonomic}
    uintx NonNMethodCodeHeapSize                   = 5826188                                {pd product} {ergonomic}
    uintx NonProfiledCodeHeapSize                  = 122916026                              {pd product} {ergonomic}
    uintx ProfiledCodeHeapSize                     = 122916026                              {pd product} {ergonomic}
    uintx ReservedCodeCacheSize                    = 251658240                              {pd product} {ergonomic}
     bool SegmentedCodeCache                       = true                                      {product} {ergonomic}
   size_t SoftMaxHeapSize                          = 1027604480                             {manageable} {ergonomic}
     bool UseCompressedClassPointers               = true                           {product lp64_product} {ergonomic}
     bool UseCompressedOops                        = true                           {product lp64_product} {ergonomic}
     bool UseG1GC                                  = true                                      {product} {ergonomic}
     bool UseLargePagesIndividualAllocation        = false                                  {pd product} {ergonomic}

Logging:
Log output configuration:
 #0: stdout all=warning uptime,level,tags foldmultilines=false
 #1: stderr all=off uptime,level,tags foldmultilines=false

Environment Variables:
JAVA_HOME=C:\Program Files\Java\jdk-20
PATH=C:\Program Files\Common Files\Oracle\Java\javapath;C:\Program Files (x86)\Common Files\Oracle\Java\javapath;C:\WINDOWS\system32;C:\WINDOWS;C:\WINDOWS\System32\Wbem;C:\WINDOWS\System32\WindowsPowerShell\v1.0\;C:\WINDOWS\System32\OpenSSH\;C:\Program Files\Java\jdk-20\bin;C:\Program Files\Java\jdk-20\bin;C:\Users\lelet\Downloads\python-3.11.5-amd64 (1).exe;C:\Users\lelet\AppData\Local\Programs\Python\Python311\Scripts\;C:\Users\lelet\AppData\Local\Programs\Python\Python311\;C:\Users\lelet\AppData\Local\Microsoft\WindowsApps;C:\eSupport\IntelliJ IDEA Community Edition 2022.3.2\bin;;C:\Program Files\JetBrains\IntelliJ IDEA 2023.1.1\bin;;C:\Users\lelet\AppData\Local\Programs\Microsoft VS Code\bin;C:\mysql-connector-j-8.1.0.jar;C:\Users\lelet\Downloads\xampp-windows-x64-8.1.17-0-VS16-installer.exe;C:\Users\lelet\Downloads\mysql-connector-j-8.1.0.zip;C:\Users\lelet\Downloads\mysql-connector-j-8.1.0.zip\mysql-connector-j-8.1.0;
USERNAME=lelet
OS=Windows_NT
PROCESSOR_IDENTIFIER=Intel64 Family 6 Model 122 Stepping 8, GenuineIntel
TMP=C:\Users\lelet\AppData\Local\Temp
TEMP=C:\Users\lelet\AppData\Local\Temp




---------------  S Y S T E M  ---------------

OS:
 Windows 11 , 64 bit Build 22621 (10.0.22621.2070)
OS uptime: 4 days 16:52 hours

CPU: total 2 (initial active 2) (2 cores per cpu, 1 threads per core) family 6 model 122 stepping 8 microcode 0x18, cx8, cmov, fxsr, mmx, 3dnowpref, sse, sse2, sse3, ssse3, sse4.1, sse4.2, popcnt, tsc, tscinvbit, aes, erms, clmul, sha, clflush, clflushopt, rdtscp, rdpid

Memory: 4k page, system-wide physical 3918M (252M free)
TotalPageFile size 15694M (AvailPageFile size 5M)
current process WorkingSet (physical memory assigned to process): 116M, peak: 122M
current process commit charge ("private bytes"): 166M, peak: 170M

vm_info: Java HotSpot(TM) 64-Bit Server VM (20.0.2+9-78) for windows-amd64 JRE (20.0.2+9-78), built on 2023-06-14T10:08:48Z by "mach5one" with MS VC++ 17.1 (VS2022)

END.
