#
# There is insufficient memory for the Java Runtime Environment to continue.
# Native memory allocation (malloc) failed to allocate 502656 bytes for Chunk::new
# Possible reasons:
#   The system is out of physical RAM or swap space
#   The process is running with CompressedOops enabled, and the Java Heap may be blocking the growth of the native heap
# Possible solutions:
#   Reduce memory load on the system
#   Increase physical memory or swap space
#   Check if swap backing store is full
#   Decrease Java heap size (-Xmx/-Xms)
#   Decrease number of Java threads
#   Decrease Java thread stack sizes (-Xss)
#   Set larger code cache with -XX:ReservedCodeCacheSize=
#   JVM is running with Unscaled Compressed Oops mode in which the Java heap is
#     placed in the first 4GB address space. The Java Heap base address is the
#     maximum limit for the native heap growth. Please use -XX:HeapBaseMinAddress
#     to set the Java Heap base and to place the Java Heap above 4GB virtual address.
# This output file may be truncated or incomplete.
#
#  Out of Memory Error (arena.cpp:184), pid=28724, tid=1104
#
# JRE version: Java(TM) SE Runtime Environment (20.0.2+9) (build 20.0.2+9-78)
# Java VM: Java HotSpot(TM) 64-Bit Server VM (20.0.2+9-78, mixed mode, sharing, tiered, compressed oops, compressed class ptrs, g1 gc, windows-amd64)
# No core dump will be written. Minidumps are not enabled by default on client versions of Windows
#

---------------  S U M M A R Y ------------

Command Line: lexairportmanagement.MainLexFlightSyt

Host: Intel(R) Celeron(R) N4020 CPU @ 1.10GHz, 2 cores, 3G,  Windows 11 , 64 bit Build 22621 (10.0.22621.2070)
Time: Fri Sep 15 20:52:19 2023 South Africa Standard Time elapsed time: 12.522205 seconds (0d 0h 0m 12s)

---------------  T H R E A D  ---------------

Current thread (0x00000277b2612160):  JavaThread "C2 CompilerThread0" daemon [_thread_in_native, id=1104, stack(0x000000f04a200000,0x000000f04a300000)]


Current CompileTask:
C2:  12522  829       4       sun.awt.image.PNGImageDecoder::filterRow (460 bytes)

Stack: [0x000000f04a200000,0x000000f04a300000]
Native frames: (J=compiled Java code, j=interpreted, Vv=VM code, C=native code)
V  [jvm.dll+0x6bc25a]
V  [jvm.dll+0x84971a]
V  [jvm.dll+0x84b315]
V  [jvm.dll+0x84ba13]
V  [jvm.dll+0x280e4f]
V  [jvm.dll+0xc2ab1]
V  [jvm.dll+0xc2dd5]
V  [jvm.dll+0x2f611f]
V  [jvm.dll+0x5e3b0b]
V  [jvm.dll+0x254684]
V  [jvm.dll+0x254a4f]
V  [jvm.dll+0x24d23d]
V  [jvm.dll+0x24a819]
V  [jvm.dll+0x1ce761]
V  [jvm.dll+0x25a0eb]
V  [jvm.dll+0x2587c0]
V  [jvm.dll+0x3f2dd5]
V  [jvm.dll+0x7f5c76]
V  [jvm.dll+0x6baecb]
C  [ucrtbase.dll+0x29363]
C  [KERNEL32.DLL+0x126ad]
C  [ntdll.dll+0x5aa68]


---------------  P R O C E S S  ---------------

Threads class SMR info:
_java_thread_list=0x00000277f7bdc160, length=16, elements={
0x00000277b2607ee0, 0x00000277b2608a20, 0x00000277b260f930, 0x00000277b2610270,
0x00000277b2610bb0, 0x00000277b26114f0, 0x00000277b2612160, 0x00000277b2684100,
0x00000277f78141a0, 0x00000277f78244e0, 0x00000277f7b0a460, 0x00000277f7b110f0,
0x00000277f8723860, 0x00000277f7b8f020, 0x0000027798064810, 0x00000277f882f020
}

Java Threads: ( => current thread )
  0x00000277b2607ee0 JavaThread "Reference Handler" daemon [_thread_blocked, id=15420, stack(0x000000f049c00000,0x000000f049d00000)]
  0x00000277b2608a20 JavaThread "Finalizer" daemon [_thread_blocked, id=24288, stack(0x000000f049d00000,0x000000f049e00000)]
  0x00000277b260f930 JavaThread "Signal Dispatcher" daemon [_thread_blocked, id=6408, stack(0x000000f049e00000,0x000000f049f00000)]
  0x00000277b2610270 JavaThread "Attach Listener" daemon [_thread_blocked, id=7592, stack(0x000000f049f00000,0x000000f04a000000)]
  0x00000277b2610bb0 JavaThread "Service Thread" daemon [_thread_blocked, id=29988, stack(0x000000f04a000000,0x000000f04a100000)]
  0x00000277b26114f0 JavaThread "Monitor Deflation Thread" daemon [_thread_blocked, id=31448, stack(0x000000f04a100000,0x000000f04a200000)]
=>0x00000277b2612160 JavaThread "C2 CompilerThread0" daemon [_thread_in_native, id=1104, stack(0x000000f04a200000,0x000000f04a300000)]
  0x00000277b2684100 JavaThread "C1 CompilerThread0" daemon [_thread_blocked, id=29576, stack(0x000000f04a300000,0x000000f04a400000)]
  0x00000277f78141a0 JavaThread "Notification Thread" daemon [_thread_blocked, id=20408, stack(0x000000f04a400000,0x000000f04a500000)]
  0x00000277f78244e0 JavaThread "Common-Cleaner" daemon [_thread_blocked, id=1544, stack(0x000000f04a600000,0x000000f04a700000)]
  0x00000277f7b0a460 JavaThread "Java2D Disposer" daemon [_thread_blocked, id=26664, stack(0x000000f04a700000,0x000000f04a800000)]
  0x00000277f7b110f0 JavaThread "AWT-Windows" daemon [_thread_in_native, id=7748, stack(0x000000f04a900000,0x000000f04aa00000)]
  0x00000277f8723860 JavaThread "AWT-Shutdown" [_thread_blocked, id=22356, stack(0x000000f04a800000,0x000000f04a900000)]
  0x00000277f7b8f020 JavaThread "AWT-EventQueue-0" [_thread_blocked, id=29928, stack(0x000000f04aa00000,0x000000f04ab00000)]
  0x0000027798064810 JavaThread "DestroyJavaVM" [_thread_blocked, id=27476, stack(0x000000f049500000,0x000000f049600000)]
  0x00000277f882f020 JavaThread "Image Fetcher 0" daemon [_thread_in_Java, id=8808, stack(0x000000f04ab00000,0x000000f04ac00000)]

Other Threads:
  0x000002779811ce40 VMThread "VM Thread" [stack: 0x000000f049b00000,0x000000f049c00000] [id=30372]
  0x00000277f781e210 WatcherThread "VM Periodic Task Thread" [stack: 0x000000f04a500000,0x000000f04a600000] [id=10816]
  0x00000277980a1ec0 WorkerThread "GC Thread#0" [stack: 0x000000f049600000,0x000000f049700000] [id=29976]
  0x00000277f8a2aa60 WorkerThread "GC Thread#1" [stack: 0x000000f04ac00000,0x000000f04ad00000] [id=23152]
  0x00000277980aa850 ConcurrentGCThread "G1 Main Marker" [stack: 0x000000f049700000,0x000000f049800000] [id=31372]
  0x00000277980ab280 WorkerThread "G1 Conc#0" [stack: 0x000000f049800000,0x000000f049900000] [id=28232]
  0x00000277980f73e0 ConcurrentGCThread "G1 Refine#0" [stack: 0x000000f049900000,0x000000f049a00000] [id=23848]
  0x00000277980f8d30 ConcurrentGCThread "G1 Service" [stack: 0x000000f049a00000,0x000000f049b00000] [id=27852]

Threads with active compile tasks:
C2 CompilerThread0    12597  829       4       sun.awt.image.PNGImageDecoder::filterRow (460 bytes)

VM state: not at safepoint (normal execution)

VM Mutex/Monitor currently owned by a thread: None

Heap address: 0x00000000c2c00000, size: 980 MB, Compressed Oops mode: 32-bit

CDS archive(s) mapped at: [0x00000277b2800000-0x00000277b3460000-0x00000277b3460000), size 12976128, SharedBaseAddress: 0x00000277b2800000, ArchiveRelocationMode: 1.
Compressed class space mapped at: 0x00000277b3800000-0x00000277f3800000, reserved size: 1073741824
Narrow klass base: 0x00000277b2800000, Narrow klass shift: 0, Narrow klass range: 0x100000000

GC Precious Log:
 CardTable entry size: 512
 Card Set container configuration: InlinePtr #cards 5 size 8 Array Of Cards #cards 12 size 40 Howl #buckets 4 coarsen threshold 1843 Howl Bitmap #cards 512 size 80 coarsen threshold 460 Card regions per heap region 1 cards per card region 2048
 CPUs: 2 total, 2 available
 Memory: 3918M
 Large Page Support: Disabled
 NUMA Support: Disabled
 Compressed Oops: Enabled (32-bit)
 Heap Region Size: 1M
 Heap Min Capacity: 8M
 Heap Initial Capacity: 62M
 Heap Max Capacity: 980M
 Pre-touch: Disabled
 Parallel Workers: 2
 Concurrent Workers: 1
 Concurrent Refinement Workers: 2
 Periodic GC: Disabled

Heap:
 garbage-first heap   total 63488K, used 13440K [0x00000000c2c00000, 0x0000000100000000)
  region size 1024K, 2 young (2048K), 1 survivors (1024K)
 Metaspace       used 8641K, committed 8896K, reserved 1114112K
  class space    used 1018K, committed 1152K, reserved 1048576K

Heap Regions: E=young(eden), S=young(survivor), O=old, HS=humongous(starts), HC=humongous(continues), CS=collection set, F=free, OA=open archive, CA=closed archive, TAMS=top-at-mark-start, PB=parsable bottom
|   0|0x00000000c2c00000, 0x00000000c2d00000, 0x00000000c2d00000|100%|HS|  |TAMS 0x00000000c2c00000| PB 0x00000000c2c00000| Complete 
|   1|0x00000000c2d00000, 0x00000000c2e00000, 0x00000000c2e00000|100%|HC|  |TAMS 0x00000000c2d00000| PB 0x00000000c2d00000| Complete 
|   2|0x00000000c2e00000, 0x00000000c2f00000, 0x00000000c2f00000|100%|HC|  |TAMS 0x00000000c2e00000| PB 0x00000000c2e00000| Complete 
|   3|0x00000000c2f00000, 0x00000000c3000000, 0x00000000c3000000|100%|HC|  |TAMS 0x00000000c2f00000| PB 0x00000000c2f00000| Complete 
|   4|0x00000000c3000000, 0x00000000c3100000, 0x00000000c3100000|100%|HC|  |TAMS 0x00000000c3000000| PB 0x00000000c3000000| Complete 
|   5|0x00000000c3100000, 0x00000000c3200000, 0x00000000c3200000|100%|HC|  |TAMS 0x00000000c3100000| PB 0x00000000c3100000| Complete 
|   6|0x00000000c3200000, 0x00000000c3300000, 0x00000000c3300000|100%|HC|  |TAMS 0x00000000c3200000| PB 0x00000000c3200000| Complete 
|   7|0x00000000c3300000, 0x00000000c3400000, 0x00000000c3400000|100%|HC|  |TAMS 0x00000000c3300000| PB 0x00000000c3300000| Complete 
|   8|0x00000000c3400000, 0x00000000c3500000, 0x00000000c3500000|100%|HC|  |TAMS 0x00000000c3400000| PB 0x00000000c3400000| Complete 
|   9|0x00000000c3500000, 0x00000000c3600000, 0x00000000c3600000|100%|HC|  |TAMS 0x00000000c3500000| PB 0x00000000c3500000| Complete 
|  10|0x00000000c3600000, 0x00000000c3700000, 0x00000000c3700000|100%|HC|  |TAMS 0x00000000c3600000| PB 0x00000000c3600000| Complete 
|  11|0x00000000c3700000, 0x00000000c3800000, 0x00000000c3800000|100%| O|  |TAMS 0x00000000c3700000| PB 0x00000000c3700000| Untracked 
|  12|0x00000000c3800000, 0x00000000c3820000, 0x00000000c3900000| 12%| O|  |TAMS 0x00000000c3800000| PB 0x00000000c3800000| Untracked 
|  13|0x00000000c3900000, 0x00000000c3900000, 0x00000000c3a00000|  0%| F|  |TAMS 0x00000000c3900000| PB 0x00000000c3900000| Untracked 
|  14|0x00000000c3a00000, 0x00000000c3a00000, 0x00000000c3b00000|  0%| F|  |TAMS 0x00000000c3a00000| PB 0x00000000c3a00000| Untracked 
|  15|0x00000000c3b00000, 0x00000000c3b00000, 0x00000000c3c00000|  0%| F|  |TAMS 0x00000000c3b00000| PB 0x00000000c3b00000| Untracked 
|  16|0x00000000c3c00000, 0x00000000c3c00000, 0x00000000c3d00000|  0%| F|  |TAMS 0x00000000c3c00000| PB 0x00000000c3c00000| Untracked 
|  17|0x00000000c3d00000, 0x00000000c3d00000, 0x00000000c3e00000|  0%| F|  |TAMS 0x00000000c3d00000| PB 0x00000000c3d00000| Untracked 
|  18|0x00000000c3e00000, 0x00000000c3e00000, 0x00000000c3f00000|  0%| F|  |TAMS 0x00000000c3e00000| PB 0x00000000c3e00000| Untracked 
|  19|0x00000000c3f00000, 0x00000000c3f00000, 0x00000000c4000000|  0%| F|  |TAMS 0x00000000c3f00000| PB 0x00000000c3f00000| Untracked 
|  20|0x00000000c4000000, 0x00000000c4000000, 0x00000000c4100000|  0%| F|  |TAMS 0x00000000c4000000| PB 0x00000000c4000000| Untracked 
|  21|0x00000000c4100000, 0x00000000c4100000, 0x00000000c4200000|  0%| F|  |TAMS 0x00000000c4100000| PB 0x00000000c4100000| Untracked 
|  22|0x00000000c4200000, 0x00000000c4200000, 0x00000000c4300000|  0%| F|  |TAMS 0x00000000c4200000| PB 0x00000000c4200000| Untracked 
|  23|0x00000000c4300000, 0x00000000c4300000, 0x00000000c4400000|  0%| F|  |TAMS 0x00000000c4300000| PB 0x00000000c4300000| Untracked 
|  24|0x00000000c4400000, 0x00000000c4400000, 0x00000000c4500000|  0%| F|  |TAMS 0x00000000c4400000| PB 0x00000000c4400000| Untracked 
|  25|0x00000000c4500000, 0x00000000c4500000, 0x00000000c4600000|  0%| F|  |TAMS 0x00000000c4500000| PB 0x00000000c4500000| Untracked 
|  26|0x00000000c4600000, 0x00000000c4600000, 0x00000000c4700000|  0%| F|  |TAMS 0x00000000c4600000| PB 0x00000000c4600000| Untracked 
|  27|0x00000000c4700000, 0x00000000c4700000, 0x00000000c4800000|  0%| F|  |TAMS 0x00000000c4700000| PB 0x00000000c4700000| Untracked 
|  28|0x00000000c4800000, 0x00000000c4800000, 0x00000000c4900000|  0%| F|  |TAMS 0x00000000c4800000| PB 0x00000000c4800000| Untracked 
|  29|0x00000000c4900000, 0x00000000c4900000, 0x00000000c4a00000|  0%| F|  |TAMS 0x00000000c4900000| PB 0x00000000c4900000| Untracked 
|  30|0x00000000c4a00000, 0x00000000c4a00000, 0x00000000c4b00000|  0%| F|  |TAMS 0x00000000c4a00000| PB 0x00000000c4a00000| Untracked 
|  31|0x00000000c4b00000, 0x00000000c4b00000, 0x00000000c4c00000|  0%| F|  |TAMS 0x00000000c4b00000| PB 0x00000000c4b00000| Untracked 
|  32|0x00000000c4c00000, 0x00000000c4c00000, 0x00000000c4d00000|  0%| F|  |TAMS 0x00000000c4c00000| PB 0x00000000c4c00000| Untracked 
|  33|0x00000000c4d00000, 0x00000000c4d00000, 0x00000000c4e00000|  0%| F|  |TAMS 0x00000000c4d00000| PB 0x00000000c4d00000| Untracked 
|  34|0x00000000c4e00000, 0x00000000c4e00000, 0x00000000c4f00000|  0%| F|  |TAMS 0x00000000c4e00000| PB 0x00000000c4e00000| Untracked 
|  35|0x00000000c4f00000, 0x00000000c4f00000, 0x00000000c5000000|  0%| F|  |TAMS 0x00000000c4f00000| PB 0x00000000c4f00000| Untracked 
|  36|0x00000000c5000000, 0x00000000c5000000, 0x00000000c5100000|  0%| F|  |TAMS 0x00000000c5000000| PB 0x00000000c5000000| Untracked 
|  37|0x00000000c5100000, 0x00000000c5100000, 0x00000000c5200000|  0%| F|  |TAMS 0x00000000c5100000| PB 0x00000000c5100000| Untracked 
|  38|0x00000000c5200000, 0x00000000c5200000, 0x00000000c5300000|  0%| F|  |TAMS 0x00000000c5200000| PB 0x00000000c5200000| Untracked 
|  39|0x00000000c5300000, 0x00000000c5300000, 0x00000000c5400000|  0%| F|  |TAMS 0x00000000c5300000| PB 0x00000000c5300000| Untracked 
|  40|0x00000000c5400000, 0x00000000c5400000, 0x00000000c5500000|  0%| F|  |TAMS 0x00000000c5400000| PB 0x00000000c5400000| Untracked 
|  41|0x00000000c5500000, 0x00000000c5500000, 0x00000000c5600000|  0%| F|  |TAMS 0x00000000c5500000| PB 0x00000000c5500000| Untracked 
|  42|0x00000000c5600000, 0x00000000c5600000, 0x00000000c5700000|  0%| F|  |TAMS 0x00000000c5600000| PB 0x00000000c5600000| Untracked 
|  43|0x00000000c5700000, 0x00000000c5700000, 0x00000000c5800000|  0%| F|  |TAMS 0x00000000c5700000| PB 0x00000000c5700000| Untracked 
|  44|0x00000000c5800000, 0x00000000c5800000, 0x00000000c5900000|  0%| F|  |TAMS 0x00000000c5800000| PB 0x00000000c5800000| Untracked 
|  45|0x00000000c5900000, 0x00000000c5900000, 0x00000000c5a00000|  0%| F|  |TAMS 0x00000000c5900000| PB 0x00000000c5900000| Untracked 
|  46|0x00000000c5a00000, 0x00000000c5a00000, 0x00000000c5b00000|  0%| F|  |TAMS 0x00000000c5a00000| PB 0x00000000c5a00000| Untracked 
|  47|0x00000000c5b00000, 0x00000000c5b00000, 0x00000000c5c00000|  0%| F|  |TAMS 0x00000000c5b00000| PB 0x00000000c5b00000| Untracked 
|  48|0x00000000c5c00000, 0x00000000c5c00000, 0x00000000c5d00000|  0%| F|  |TAMS 0x00000000c5c00000| PB 0x00000000c5c00000| Untracked 
|  49|0x00000000c5d00000, 0x00000000c5d00000, 0x00000000c5e00000|  0%| F|  |TAMS 0x00000000c5d00000| PB 0x00000000c5d00000| Untracked 
|  50|0x00000000c5e00000, 0x00000000c5e00000, 0x00000000c5f00000|  0%| F|  |TAMS 0x00000000c5e00000| PB 0x00000000c5e00000| Untracked 
|  51|0x00000000c5f00000, 0x00000000c5f00000, 0x00000000c6000000|  0%| F|  |TAMS 0x00000000c5f00000| PB 0x00000000c5f00000| Untracked 
|  52|0x00000000c6000000, 0x00000000c6000000, 0x00000000c6100000|  0%| F|  |TAMS 0x00000000c6000000| PB 0x00000000c6000000| Untracked 
|  53|0x00000000c6100000, 0x00000000c6100000, 0x00000000c6200000|  0%| F|  |TAMS 0x00000000c6100000| PB 0x00000000c6100000| Untracked 
|  54|0x00000000c6200000, 0x00000000c6200000, 0x00000000c6300000|  0%| F|  |TAMS 0x00000000c6200000| PB 0x00000000c6200000| Untracked 
|  55|0x00000000c6300000, 0x00000000c6400000, 0x00000000c6400000|100%| S|CS|TAMS 0x00000000c6300000| PB 0x00000000c6300000| Complete 
|  56|0x00000000c6400000, 0x00000000c6400000, 0x00000000c6500000|  0%| F|  |TAMS 0x00000000c6400000| PB 0x00000000c6400000| Untracked 
|  57|0x00000000c6500000, 0x00000000c6500000, 0x00000000c6600000|  0%| F|  |TAMS 0x00000000c6500000| PB 0x00000000c6500000| Untracked 
|  58|0x00000000c6600000, 0x00000000c6600000, 0x00000000c6700000|  0%| F|  |TAMS 0x00000000c6600000| PB 0x00000000c6600000| Untracked 
|  59|0x00000000c6700000, 0x00000000c6700000, 0x00000000c6800000|  0%| F|  |TAMS 0x00000000c6700000| PB 0x00000000c6700000| Untracked 
|  60|0x00000000c6800000, 0x00000000c6800000, 0x00000000c6900000|  0%| F|  |TAMS 0x00000000c6800000| PB 0x00000000c6800000| Untracked 
|  61|0x00000000c6900000, 0x00000000c69dbae0, 0x00000000c6a00000| 85%| E|  |TAMS 0x00000000c6900000| PB 0x00000000c6900000| Complete 

Card table byte_map: [0x0000027797e10000,0x0000027798000000] _byte_map_base: 0x00000277977fa000

Marking Bits: (CMBitMap*) 0x00000277980a24f0
 Bits: [0x00000277af320000, 0x00000277b0270000)

Polling page: 0x0000027796000000

Metaspace:

Usage:
  Non-class:      7.44 MB used.
      Class:   1018.11 KB used.
       Both:      8.44 MB used.

Virtual space:
  Non-class space:       64.00 MB reserved,       7.56 MB ( 12%) committed,  1 nodes.
      Class space:        1.00 GB reserved,       1.12 MB ( <1%) committed,  1 nodes.
             Both:        1.06 GB reserved,       8.69 MB ( <1%) committed. 

Chunk freelists:
   Non-Class:  492.00 KB
       Class:  2.75 MB
        Both:  3.23 MB

MaxMetaspaceSize: unlimited
CompressedClassSpaceSize: 1.00 GB
Initial GC threshold: 21.00 MB
Current GC threshold: 21.00 MB
CDS: on
MetaspaceReclaimPolicy: balanced
 - commit_granule_bytes: 65536.
 - commit_granule_words: 8192.
 - virtual_space_node_default_size: 8388608.
 - enlarge_chunks_in_place: 1.
 - new_chunks_are_fully_committed: 0.
 - uncommit_free_chunks: 1.
 - use_allocation_guard: 0.


Internal statistics:

num_allocs_failed_limit: 0.
num_arena_births: 136.
num_arena_deaths: 0.
num_vsnodes_births: 2.
num_vsnodes_deaths: 0.
num_space_committed: 139.
num_space_uncommitted: 0.
num_chunks_returned_to_freelist: 0.
num_chunks_taken_from_freelist: 172.
num_chunk_merges: 0.
num_chunk_splits: 106.
num_chunks_enlarged: 54.
num_inconsistent_stats: 0.

CodeHeap 'non-profiled nmethods': size=120064Kb used=253Kb max_used=253Kb free=119810Kb
 bounds [0x00000277a7bf0000, 0x00000277a7e60000, 0x00000277af130000]
CodeHeap 'profiled nmethods': size=120000Kb used=1441Kb max_used=1441Kb free=118558Kb
 bounds [0x00000277a0130000, 0x00000277a03a0000, 0x00000277a7660000]
CodeHeap 'non-nmethods': size=5696Kb used=1551Kb max_used=1573Kb free=4144Kb
 bounds [0x00000277a7660000, 0x00000277a78d0000, 0x00000277a7bf0000]
 total_blobs=1395 nmethods=827 adapters=480
 compilation: enabled
              stopped_count=0, restarted_count=0
 full_count=0

Compilation events (20 events):
Event: 12.426 Thread 0x00000277b2684100 nmethod 820% 0x00000277a0291e90 code [0x00000277a0292020, 0x00000277a02922b8]
Event: 12.426 Thread 0x00000277b2684100  821       3       sun.awt.image.PNGImageDecoder::update_crc (41 bytes)
Event: 12.427 Thread 0x00000277b2684100 nmethod 821 0x00000277a0292410 code [0x00000277a02925a0, 0x00000277a0292790]
Event: 12.427 Thread 0x00000277b2612160  822 % !   4       sun.awt.image.PNGImageDecoder::produceImage @ 960 (1917 bytes)
Event: 12.429 Thread 0x00000277b2684100  823       1       java.util.zip.Inflater::hasPendingOutput (5 bytes)
Event: 12.429 Thread 0x00000277b2684100 nmethod 823 0x00000277a7c2ba10 code [0x00000277a7c2bb80, 0x00000277a7c2bc50]
Event: 12.429 Thread 0x00000277b2684100  824   !   3       java.util.zip.Inflater::finished (19 bytes)
Event: 12.429 Thread 0x00000277b2684100 nmethod 824 0x00000277a0292910 code [0x00000277a0292aa0, 0x00000277a0292ca0]
Event: 12.429 Thread 0x00000277b2684100  825   !   3       jdk.internal.misc.Blocker::begin (97 bytes)
Event: 12.430 Thread 0x00000277b2684100 nmethod 825 0x00000277a0292d90 code [0x00000277a0292fa0, 0x00000277a0293888]
Event: 12.431 Thread 0x00000277b2684100  826 %     3       sun.awt.image.PNGImageDecoder::filterRow @ 47 (460 bytes)
Event: 12.432 Thread 0x00000277b2684100 nmethod 826% 0x00000277a0293a90 code [0x00000277a0293d20, 0x00000277a0294dd8]
Event: 12.432 Thread 0x00000277b2684100  827       3       sun.awt.image.PNGImageDecoder::filterRow (460 bytes)
Event: 12.433 Thread 0x00000277b2684100 nmethod 827 0x00000277a0295610 code [0x00000277a0295880, 0x00000277a02966d0]
Event: 12.433 Thread 0x00000277b2684100  828       3       jdk.internal.misc.Blocker::end (71 bytes)
Event: 12.434 Thread 0x00000277b2684100 nmethod 828 0x00000277a0296e90 code [0x00000277a0297060, 0x00000277a0297520]
Event: 12.436 Thread 0x00000277b2684100  830       3       java.io.BufferedInputStream::read1 (109 bytes)
Event: 12.437 Thread 0x00000277b2684100 nmethod 830 0x00000277a0297690 code [0x00000277a02978c0, 0x00000277a02981a8]
Event: 12.489 Thread 0x00000277b2612160 nmethod 822% 0x00000277a7c2bd10 code [0x00000277a7c2c000, 0x00000277a7c2e148]
Event: 12.490 Thread 0x00000277b2612160  829       4       sun.awt.image.PNGImageDecoder::filterRow (460 bytes)

GC Heap History (2 events):
Event: 10.974 GC heap before
{Heap before GC invocations=0 (full 0):
 garbage-first heap   total 63488K, used 17408K [0x00000000c2c00000, 0x0000000100000000)
  region size 1024K, 6 young (6144K), 0 survivors (0K)
 Metaspace       used 8605K, committed 8832K, reserved 1114112K
  class space    used 1018K, committed 1152K, reserved 1048576K
}
Event: 11.178 GC heap after
{Heap after GC invocations=1 (full 0):
 garbage-first heap   total 63488K, used 13440K [0x00000000c2c00000, 0x0000000100000000)
  region size 1024K, 1 young (1024K), 1 survivors (1024K)
 Metaspace       used 8605K, committed 8832K, reserved 1114112K
  class space    used 1018K, committed 1152K, reserved 1048576K
}

Dll operation events (9 events):
Event: 0.554 Loaded shared library C:\Program Files\Java\jdk-20\bin\java.dll
Event: 1.715 Loaded shared library C:\Program Files\Java\jdk-20\bin\jsvml.dll
Event: 4.685 Loaded shared library C:\Program Files\Java\jdk-20\bin\jimage.dll
Event: 4.744 Loaded shared library C:\Program Files\Java\jdk-20\bin\net.dll
Event: 5.348 Loaded shared library C:\Program Files\Java\jdk-20\bin\nio.dll
Event: 5.758 Loaded shared library C:\Program Files\Java\jdk-20\bin\zip.dll
Event: 6.710 Loaded shared library C:\Program Files\Java\jdk-20\bin\awt.dll
Event: 8.390 Loaded shared library C:\Program Files\Java\jdk-20\bin\freetype.dll
Event: 8.441 Loaded shared library C:\Program Files\Java\jdk-20\bin\fontmanager.dll

Deoptimization events (20 events):
Event: 12.462 Thread 0x00000277f882f020 DEOPT PACKING pc=0x00000277a0296446 sp=0x000000f04abff020
Event: 12.462 Thread 0x00000277f882f020 DEOPT UNPACKING pc=0x00000277a76ca4a3 sp=0x000000f04abfe490 mode 0
Event: 12.466 Thread 0x00000277f882f020 DEOPT PACKING pc=0x00000277a0296446 sp=0x000000f04abff020
Event: 12.466 Thread 0x00000277f882f020 DEOPT UNPACKING pc=0x00000277a76ca4a3 sp=0x000000f04abfe490 mode 0
Event: 12.482 Thread 0x00000277f882f020 DEOPT PACKING pc=0x00000277a0296446 sp=0x000000f04abff020
Event: 12.482 Thread 0x00000277f882f020 DEOPT UNPACKING pc=0x00000277a76ca4a3 sp=0x000000f04abfe490 mode 0
Event: 12.484 Thread 0x00000277f882f020 DEOPT PACKING pc=0x00000277a0296446 sp=0x000000f04abff020
Event: 12.484 Thread 0x00000277f882f020 DEOPT UNPACKING pc=0x00000277a76ca4a3 sp=0x000000f04abfe490 mode 0
Event: 12.485 Thread 0x00000277f882f020 DEOPT PACKING pc=0x00000277a0296446 sp=0x000000f04abff020
Event: 12.486 Thread 0x00000277f882f020 DEOPT UNPACKING pc=0x00000277a76ca4a3 sp=0x000000f04abfe490 mode 0
Event: 12.486 Thread 0x00000277f882f020 DEOPT PACKING pc=0x00000277a0296446 sp=0x000000f04abff020
Event: 12.486 Thread 0x00000277f882f020 DEOPT UNPACKING pc=0x00000277a76ca4a3 sp=0x000000f04abfe490 mode 0
Event: 12.486 Thread 0x00000277f882f020 DEOPT PACKING pc=0x00000277a0296446 sp=0x000000f04abff020
Event: 12.487 Thread 0x00000277f882f020 DEOPT UNPACKING pc=0x00000277a76ca4a3 sp=0x000000f04abfe490 mode 0
Event: 12.489 Thread 0x00000277f882f020 DEOPT PACKING pc=0x00000277a0296446 sp=0x000000f04abff020
Event: 12.490 Thread 0x00000277f882f020 DEOPT UNPACKING pc=0x00000277a76ca4a3 sp=0x000000f04abfe490 mode 0
Event: 12.498 Thread 0x00000277f882f020 DEOPT PACKING pc=0x00000277a0296446 sp=0x000000f04abff020
Event: 12.498 Thread 0x00000277f882f020 DEOPT UNPACKING pc=0x00000277a76ca4a3 sp=0x000000f04abfe490 mode 0
Event: 12.498 Thread 0x00000277f882f020 DEOPT PACKING pc=0x00000277a0281f1d sp=0x000000f04abff0a0
Event: 12.498 Thread 0x00000277f882f020 DEOPT UNPACKING pc=0x00000277a76ca4a3 sp=0x000000f04abfe6d0 mode 0

Classes loaded (20 events):
Event: 10.950 Loading class sun/awt/image/SunWritableRaster
Event: 10.950 Loading class java/awt/image/WritableRaster
Event: 10.950 Loading class java/awt/image/WritableRaster done
Event: 10.950 Loading class sun/awt/image/SunWritableRaster done
Event: 10.963 Loading class java/awt/image/SinglePixelPackedSampleModel
Event: 10.963 Loading class java/awt/image/SampleModel
Event: 10.964 Loading class java/awt/image/SampleModel done
Event: 10.964 Loading class java/awt/image/SinglePixelPackedSampleModel done
Event: 10.964 Loading class sun/awt/image/IntegerInterleavedRaster
Event: 10.964 Loading class sun/awt/image/IntegerComponentRaster
Event: 10.965 Loading class sun/awt/image/IntegerComponentRaster done
Event: 10.965 Loading class sun/awt/image/IntegerInterleavedRaster done
Event: 10.966 Loading class java/awt/image/BufferedImage
Event: 10.967 Loading class java/awt/image/WritableRenderedImage
Event: 10.967 Loading class java/awt/image/RenderedImage
Event: 10.967 Loading class java/awt/image/RenderedImage done
Event: 10.967 Loading class java/awt/image/WritableRenderedImage done
Event: 10.967 Loading class java/awt/image/BufferedImage done
Event: 10.967 Loading class java/awt/image/BufferedImage$1
Event: 10.967 Loading class java/awt/image/BufferedImage$1 done

Classes unloaded (0 events):
No events

Classes redefined (0 events):
No events

Internal exceptions (20 events):
Event: 8.834 Thread 0x0000027798064810 Exception <a 'java/lang/ClassNotFoundException'{0x00000000c6506638}: Button> (0x00000000c6506638) 
thrown [s\open\src\hotspot\share\classfile\systemDictionary.cpp, line 305]
Event: 8.834 Thread 0x0000027798064810 Exception <a 'java/lang/ClassNotFoundException'{0x00000000c6506b00}: ToolBar> (0x00000000c6506b00) 
thrown [s\open\src\hotspot\share\classfile\systemDictionary.cpp, line 305]
Event: 8.834 Thread 0x0000027798064810 Exception <a 'java/lang/ClassNotFoundException'{0x00000000c6506e70}: ToggleButton> (0x00000000c6506e70) 
thrown [s\open\src\hotspot\share\classfile\systemDictionary.cpp, line 305]
Event: 8.834 Thread 0x0000027798064810 Exception <a 'java/lang/ClassNotFoundException'{0x00000000c65072b0}: javax/swing/JToolBarSeparator> (0x00000000c65072b0) 
thrown [s\open\src\hotspot\share\classfile\systemDictionary.cpp, line 305]
Event: 8.834 Thread 0x0000027798064810 Exception <a 'java/lang/ClassNotFoundException'{0x00000000c65075c0}: ToolBarSeparator> (0x00000000c65075c0) 
thrown [s\open\src\hotspot\share\classfile\systemDictionary.cpp, line 305]
Event: 8.835 Thread 0x0000027798064810 Exception <a 'java/lang/ClassNotFoundException'{0x00000000c6507ac8}: ToolTip> (0x00000000c6507ac8) 
thrown [s\open\src\hotspot\share\classfile\systemDictionary.cpp, line 305]
Event: 8.839 Thread 0x0000027798064810 Exception <a 'java/lang/ClassNotFoundException'{0x00000000c6508408}: Tree> (0x00000000c6508408) 
thrown [s\open\src\hotspot\share\classfile\systemDictionary.cpp, line 305]
Event: 8.839 Thread 0x0000027798064810 Exception <a 'java/lang/ClassNotFoundException'{0x00000000c6508900}: Tree> (0x00000000c6508900) 
thrown [s\open\src\hotspot\share\classfile\systemDictionary.cpp, line 305]
Event: 8.839 Thread 0x0000027798064810 Exception <a 'java/lang/ClassNotFoundException'{0x00000000c6508c70}: javax/swing/JTreeCell> (0x00000000c6508c70) 
thrown [s\open\src\hotspot\share\classfile\systemDictionary.cpp, line 305]
Event: 8.839 Thread 0x0000027798064810 Exception <a 'java/lang/ClassNotFoundException'{0x00000000c6508f78}: TreeCell> (0x00000000c6508f78) 
thrown [s\open\src\hotspot\share\classfile\systemDictionary.cpp, line 305]
Event: 8.840 Thread 0x0000027798064810 Exception <a 'java/lang/ClassNotFoundException'{0x00000000c6509720}: RootPane> (0x00000000c6509720) 
thrown [s\open\src\hotspot\share\classfile\systemDictionary.cpp, line 305]
Event: 8.849 Thread 0x0000027798064810 Exception <a 'java/lang/ClassNotFoundException'{0x00000000c650c4c8}: com/sun/swing/internal/plaf/metal/resources/spi/metalProvider> (0x00000000c650c4c8) 
thrown [s\open\src\hotspot\share\classfile\systemDictionary.cpp, line 305]
Event: 8.853 Thread 0x0000027798064810 Exception <a 'java/lang/ClassNotFoundException'{0x00000000c6510178}: com/sun/swing/internal/plaf/basic/resources/spi/basicProvider> (0x00000000c6510178) 
thrown [s\open\src\hotspot\share\classfile\systemDictionary.cpp, line 305]
Event: 9.429 Thread 0x00000277f7b8f020 Exception <a 'java/lang/ClassNotFoundException'{0x00000000c6592270}: com/sun/swing/internal/plaf/synth/resources/spi/synthProvider> (0x00000000c6592270) 
thrown [s\open\src\hotspot\share\classfile\systemDictionary.cpp, line 305]
Event: 9.483 Thread 0x00000277f7b8f020 Exception <a 'java/lang/NoSuchMethodError'{0x00000000c65d5e98}: 'int java.lang.invoke.Invokers$Holder.invokeExact_MT(java.lang.Object, java.lang.Object)'> (0x00000000c65d5e98) 
thrown [s\open\src\hotspot\share\interpreter\linkResolver.cpp, line 773]
Event: 9.496 Thread 0x00000277f7b8f020 Exception <a 'java/lang/NoSuchMethodError'{0x00000000c65dc8c8}: 'java.lang.Object java.lang.invoke.DirectMethodHandle$Holder.newInvokeSpecial(java.lang.Object, java.lang.Object, int)'> (0x00000000c65dc8c8) 
thrown [s\open\src\hotspot\share\interpreter\linkResolver.cpp, line 773]
Event: 9.499 Thread 0x00000277f7b8f020 Exception <a 'java/lang/NoSuchMethodError'{0x00000000c65e1778}: 'int java.lang.invoke.DirectMethodHandle$Holder.invokeSpecial(java.lang.Object, java.lang.Object, java.lang.Object, int)'> (0x00000000c65e1778) 
thrown [s\open\src\hotspot\share\interpreter\linkResolver.cpp, line 773]
Event: 9.529 Thread 0x00000277f7b8f020 Exception <a 'java/lang/NoSuchMethodError'{0x00000000c65f3d98}: 'java.lang.Object java.lang.invoke.DirectMethodHandle$Holder.invokeStatic(java.lang.Object, java.lang.Object, java.lang.Object, java.lang.Object, int)'> (0x00000000c65f3d98) 
thrown [s\open\src\hotspot\share\interpreter\linkResolver.cpp, line 773]
Event: 9.531 Thread 0x00000277f7b8f020 Exception <a 'java/lang/NoSuchMethodError'{0x00000000c65ff858}: 'int java.lang.invoke.DirectMethodHandle$Holder.invokeSpecial(java.lang.Object, java.lang.Object, java.lang.Object)'> (0x00000000c65ff858) 
thrown [s\open\src\hotspot\share\interpreter\linkResolver.cpp, line 773]
Event: 10.828 Thread 0x00000277f882f020 Exception <a 'java/lang/NoSuchMethodError'{0x00000000c64e9eb0}: 'java.lang.Object java.lang.invoke.DirectMethodHandle$Holder.newInvokeSpecial(java.lang.Object, java.lang.Object, java.lang.Object, int, int, int, int, int)'> (0x00000000c64e9eb0) 
thrown [s\open\src\hotspot\share\interpreter\linkResolver.cpp, line 773]

VM Operations (20 events):
Event: 6.692 Executing VM operation: Cleanup
Event: 6.693 Executing VM operation: Cleanup done
Event: 7.068 Executing VM operation: HandshakeAllThreads
Event: 7.069 Executing VM operation: HandshakeAllThreads done
Event: 8.069 Executing VM operation: Cleanup
Event: 8.102 Executing VM operation: Cleanup done
Event: 8.847 Executing VM operation: HandshakeAllThreads
Event: 8.847 Executing VM operation: HandshakeAllThreads done
Event: 9.849 Executing VM operation: Cleanup
Event: 10.165 Executing VM operation: Cleanup done
Event: 10.345 Executing VM operation: HandshakeAllThreads
Event: 10.345 Executing VM operation: HandshakeAllThreads done
Event: 10.373 Executing VM operation: HandshakeAllThreads
Event: 10.373 Executing VM operation: HandshakeAllThreads done
Event: 10.699 Executing VM operation: HandshakeAllThreads
Event: 10.700 Executing VM operation: HandshakeAllThreads done
Event: 10.973 Executing VM operation: G1CollectForAllocation
Event: 11.179 Executing VM operation: G1CollectForAllocation done
Event: 12.193 Executing VM operation: Cleanup
Event: 12.396 Executing VM operation: Cleanup done

Events (20 events):
Event: 1.716 Thread 0x0000027798064810 Thread added: 0x0000027798064810
Event: 2.128 Thread 0x00000277b2607ee0 Thread added: 0x00000277b2607ee0
Event: 2.128 Thread 0x00000277b2608a20 Thread added: 0x00000277b2608a20
Event: 2.130 Thread 0x00000277b260f930 Thread added: 0x00000277b260f930
Event: 2.130 Thread 0x00000277b2610270 Thread added: 0x00000277b2610270
Event: 2.130 Thread 0x00000277b2610bb0 Thread added: 0x00000277b2610bb0
Event: 2.130 Thread 0x00000277b26114f0 Thread added: 0x00000277b26114f0
Event: 2.130 Thread 0x00000277b2612160 Thread added: 0x00000277b2612160
Event: 2.383 Thread 0x00000277b2684100 Thread added: 0x00000277b2684100
Event: 3.698 Thread 0x00000277f78141a0 Thread added: 0x00000277f78141a0
Event: 4.317 Thread 0x00000277f78244e0 Thread added: 0x00000277f78244e0
Event: 7.228 Thread 0x00000277f7b0a460 Thread added: 0x00000277f7b0a460
Event: 7.234 Thread 0x00000277f7b109d0 Thread added: 0x00000277f7b109d0
Event: 7.287 Thread 0x00000277f7b110f0 Thread added: 0x00000277f7b110f0
Event: 8.440 Thread 0x00000277f7b109d0 Thread exited: 0x00000277f7b109d0
Event: 9.087 Thread 0x00000277f8723860 Thread added: 0x00000277f8723860
Event: 9.151 Thread 0x00000277f7b8f020 Thread added: 0x00000277f7b8f020
Event: 9.152 Thread 0x0000027798064810 Thread exited: 0x0000027798064810
Event: 9.152 Thread 0x0000027798064810 Thread added: 0x0000027798064810
Event: 10.781 Thread 0x00000277f882f020 Thread added: 0x00000277f882f020


Dynamic libraries:
0x00007ff7e8b30000 - 0x00007ff7e8b40000 	C:\Program Files\Java\jdk-20\bin\java.exe
0x00007ffcdfeb0000 - 0x00007ffce00c4000 	C:\WINDOWS\SYSTEM32\ntdll.dll
0x00007ffccf230000 - 0x00007ffccf249000 	C:\Program Files\Avast Software\Avast\aswhook.dll
0x00007ffcde960000 - 0x00007ffcdea24000 	C:\WINDOWS\System32\KERNEL32.DLL
0x00007ffcdd510000 - 0x00007ffcdd8b4000 	C:\WINDOWS\System32\KERNELBASE.dll
0x00007ffcdd8c0000 - 0x00007ffcdd9d1000 	C:\WINDOWS\System32\ucrtbase.dll
0x00007ffcd81b0000 - 0x00007ffcd81c9000 	C:\Program Files\Java\jdk-20\bin\jli.dll
0x00007ffcdf2c0000 - 0x00007ffcdf370000 	C:\WINDOWS\System32\ADVAPI32.dll
0x00007ffcdfc80000 - 0x00007ffcdfd27000 	C:\WINDOWS\System32\msvcrt.dll
0x00007ffcdfbd0000 - 0x00007ffcdfc76000 	C:\WINDOWS\System32\sechost.dll
0x00007ffcdf1a0000 - 0x00007ffcdf2b7000 	C:\WINDOWS\System32\RPCRT4.dll
0x00007ffcdea40000 - 0x00007ffcdebea000 	C:\WINDOWS\System32\USER32.dll
0x00007ffcdd9e0000 - 0x00007ffcdda06000 	C:\WINDOWS\System32\win32u.dll
0x00007ffcdfb90000 - 0x00007ffcdfbb9000 	C:\WINDOWS\System32\GDI32.dll
0x00007ffcddb50000 - 0x00007ffcddc69000 	C:\WINDOWS\System32\gdi32full.dll
0x00007ffcdd470000 - 0x00007ffcdd50a000 	C:\WINDOWS\System32\msvcp_win.dll
0x00007ffcb4f50000 - 0x00007ffcb4f6b000 	C:\Program Files\Java\jdk-20\bin\VCRUNTIME140.dll
0x00007ffcc4590000 - 0x00007ffcc481f000 	C:\WINDOWS\WinSxS\amd64_microsoft.windows.common-controls_6595b64144ccf1df_6.0.22621.2070_none_2713e6537381f706\COMCTL32.dll
0x00007ffcce2e0000 - 0x00007ffcce2ea000 	C:\WINDOWS\SYSTEM32\VERSION.dll
0x00007ffcddc70000 - 0x00007ffcddca1000 	C:\WINDOWS\System32\IMM32.DLL
0x00007ffcda120000 - 0x00007ffcda12c000 	C:\Program Files\Java\jdk-20\bin\vcruntime140_1.dll
0x00007ffc8cf10000 - 0x00007ffc8cf9e000 	C:\Program Files\Java\jdk-20\bin\msvcp140.dll
0x00007ffc99810000 - 0x00007ffc9a4a8000 	C:\Program Files\Java\jdk-20\bin\server\jvm.dll
0x00007ffcc6af0000 - 0x00007ffcc6af9000 	C:\WINDOWS\SYSTEM32\WSOCK32.dll
0x00007ffcde6c0000 - 0x00007ffcde731000 	C:\WINDOWS\System32\WS2_32.dll
0x00007ffccf1d0000 - 0x00007ffccf204000 	C:\WINDOWS\SYSTEM32\WINMM.dll
0x00007ffcdc2d0000 - 0x00007ffcdc2e8000 	C:\WINDOWS\SYSTEM32\kernel.appcore.dll
0x00007ffcd5630000 - 0x00007ffcd563a000 	C:\Program Files\Java\jdk-20\bin\jimage.dll
0x00007ffcdaba0000 - 0x00007ffcdadce000 	C:\WINDOWS\SYSTEM32\DBGHELP.DLL
0x00007ffcdedf0000 - 0x00007ffcdf17a000 	C:\WINDOWS\System32\combase.dll
0x00007ffcddd40000 - 0x00007ffcdde17000 	C:\WINDOWS\System32\OLEAUT32.dll
0x00007ffccdf20000 - 0x00007ffccdf52000 	C:\WINDOWS\SYSTEM32\dbgcore.DLL
0x00007ffcdda10000 - 0x00007ffcdda8a000 	C:\WINDOWS\System32\bcryptPrimitives.dll
0x00007ffc997a0000 - 0x00007ffc997c6000 	C:\Program Files\Java\jdk-20\bin\java.dll
0x00007ffc996c0000 - 0x00007ffc99797000 	C:\Program Files\Java\jdk-20\bin\jsvml.dll
0x00007ffcdf370000 - 0x00007ffcdfb86000 	C:\WINDOWS\System32\SHELL32.dll
0x00007ffcdb260000 - 0x00007ffcdbb4a000 	C:\WINDOWS\SYSTEM32\windows.storage.dll
0x00007ffcdb120000 - 0x00007ffcdb25e000 	C:\WINDOWS\SYSTEM32\wintypes.dll
0x00007ffcdecf0000 - 0x00007ffcdede3000 	C:\WINDOWS\System32\SHCORE.dll
0x00007ffcde740000 - 0x00007ffcde79e000 	C:\WINDOWS\System32\shlwapi.dll
0x00007ffcdd1c0000 - 0x00007ffcdd1e6000 	C:\WINDOWS\SYSTEM32\profapi.dll
0x00007ffc99590000 - 0x00007ffc995a3000 	C:\Program Files\Java\jdk-20\bin\net.dll
0x00007ffccef70000 - 0x00007ffccf0a7000 	C:\WINDOWS\SYSTEM32\WINHTTP.dll
0x00007ffcdc750000 - 0x00007ffcdc7b9000 	C:\WINDOWS\system32\mswsock.dll
0x00007ffc99570000 - 0x00007ffc99586000 	C:\Program Files\Java\jdk-20\bin\nio.dll
0x00007ffc99550000 - 0x00007ffc99568000 	C:\Program Files\Java\jdk-20\bin\zip.dll
0x00007ffc8cbd0000 - 0x00007ffc8cd61000 	C:\Program Files\Java\jdk-20\bin\awt.dll
0x00007ffcda230000 - 0x00007ffcda2c7000 	C:\WINDOWS\SYSTEM32\apphelp.dll
0x00007ffcda3f0000 - 0x00007ffcda49b000 	C:\WINDOWS\system32\uxtheme.dll
0x00007ffcdfd30000 - 0x00007ffcdfe57000 	C:\WINDOWS\System32\MSCTF.dll
0x00007ffcde520000 - 0x00007ffcde6bc000 	C:\WINDOWS\System32\ole32.dll
0x00007ffcda650000 - 0x00007ffcda67b000 	C:\WINDOWS\system32\DWMAPI.DLL
0x00007ffc8e9c0000 - 0x00007ffc8ea46000 	C:\Program Files\Java\jdk-20\bin\freetype.dll
0x00007ffc8d220000 - 0x00007ffc8d2f3000 	C:\Program Files\Java\jdk-20\bin\fontmanager.dll
0x00007ffc8ce10000 - 0x00007ffc8cf10000 	C:\WINDOWS\system32\opengl32.dll
0x00007ffc96370000 - 0x00007ffc9639d000 	C:\WINDOWS\SYSTEM32\GLU32.dll
0x00007ffcda4e0000 - 0x00007ffcda518000 	C:\WINDOWS\SYSTEM32\dxcore.dll

dbghelp: loaded successfully - version: 4.0.5 - missing functions: none
symbol engine: initialized successfully - sym options: 0x614 - pdb path: .;C:\Program Files\Java\jdk-20\bin;C:\WINDOWS\SYSTEM32;C:\Program Files\Avast Software\Avast;C:\WINDOWS\WinSxS\amd64_microsoft.windows.common-controls_6595b64144ccf1df_6.0.22621.2070_none_2713e6537381f706;C:\Program Files\Java\jdk-20\bin\server

VM Arguments:
java_command: lexairportmanagement.MainLexFlightSyt
java_class_path (initial): C:\Users\lelet\OneDrive\Documents\NetBeansProjects\LexAirportManagement\target\classes;C:\Users\lelet\.m2\repository\org\netbeans\external\AbsoluteLayout\RELEASE180\AbsoluteLayout-RELEASE180.jar
Launcher Type: SUN_STANDARD

[Global flags]
     intx CICompilerCount                          = 2                                         {product} {ergonomic}
     uint ConcGCThreads                            = 1                                         {product} {ergonomic}
     uint G1ConcRefinementThreads                  = 2                                         {product} {ergonomic}
   size_t G1HeapRegionSize                         = 1048576                                   {product} {ergonomic}
    uintx GCDrainStackTargetSize                   = 64                                        {product} {ergonomic}
   size_t InitialHeapSize                          = 65011712                                  {product} {ergonomic}
   size_t MarkStackSize                            = 4194304                                   {product} {ergonomic}
   size_t MaxHeapSize                              = 1027604480                                {product} {ergonomic}
   size_t MaxNewSize                               = 616562688                                 {product} {ergonomic}
   size_t MinHeapDeltaBytes                        = 1048576                                   {product} {ergonomic}
   size_t MinHeapSize                              = 8388608                                   {product} {ergonomic}
    uintx NonNMethodCodeHeapSize                   = 5826188                                {pd product} {ergonomic}
    uintx NonProfiledCodeHeapSize                  = 122916026                              {pd product} {ergonomic}
    uintx ProfiledCodeHeapSize                     = 122916026                              {pd product} {ergonomic}
    uintx ReservedCodeCacheSize                    = 251658240                              {pd product} {ergonomic}
     bool SegmentedCodeCache                       = true                                      {product} {ergonomic}
   size_t SoftMaxHeapSize                          = 1027604480                             {manageable} {ergonomic}
     bool UseCompressedClassPointers               = true                           {product lp64_product} {ergonomic}
     bool UseCompressedOops                        = true                           {product lp64_product} {ergonomic}
     bool UseG1GC                                  = true                                      {product} {ergonomic}
     bool UseLargePagesIndividualAllocation        = false                                  {pd product} {ergonomic}

Logging:
Log output configuration:
 #0: stdout all=warning uptime,level,tags foldmultilines=false
 #1: stderr all=off uptime,level,tags foldmultilines=false

Environment Variables:
JAVA_HOME=C:\Program Files\Java\jdk-20
PATH=C:\Program Files\Common Files\Oracle\Java\javapath;C:\Program Files (x86)\Common Files\Oracle\Java\javapath;C:\WINDOWS\system32;C:\WINDOWS;C:\WINDOWS\System32\Wbem;C:\WINDOWS\System32\WindowsPowerShell\v1.0\;C:\WINDOWS\System32\OpenSSH\;C:\Program Files\Java\jdk-20\bin;C:\Program Files\Java\jdk-20\bin;C:\Users\lelet\Downloads\python-3.11.5-amd64 (1).exe;C:\Users\lelet\AppData\Local\Programs\Python\Python311\Scripts\;C:\Users\lelet\AppData\Local\Programs\Python\Python311\;C:\Users\lelet\AppData\Local\Microsoft\WindowsApps;C:\eSupport\IntelliJ IDEA Community Edition 2022.3.2\bin;;C:\Program Files\JetBrains\IntelliJ IDEA 2023.1.1\bin;;C:\Users\lelet\AppData\Local\Programs\Microsoft VS Code\bin;C:\mysql-connector-j-8.1.0.jar;C:\Users\lelet\Downloads\xampp-windows-x64-8.1.17-0-VS16-installer.exe;C:\Users\lelet\Downloads\mysql-connector-j-8.1.0.zip;C:\Users\lelet\Downloads\mysql-connector-j-8.1.0.zip\mysql-connector-j-8.1.0;
USERNAME=lelet
OS=Windows_NT
PROCESSOR_IDENTIFIER=Intel64 Family 6 Model 122 Stepping 8, GenuineIntel
TMP=C:\Users\lelet\AppData\Local\Temp
TEMP=C:\Users\lelet\AppData\Local\Temp




---------------  S Y S T E M  ---------------

OS:
 Windows 11 , 64 bit Build 22621 (10.0.22621.2070)
OS uptime: 4 days 16:54 hours

CPU: total 2 (initial active 2) (2 cores per cpu, 1 threads per core) family 6 model 122 stepping 8 microcode 0x18, cx8, cmov, fxsr, mmx, 3dnowpref, sse, sse2, sse3, ssse3, sse4.1, sse4.2, popcnt, tsc, tscinvbit, aes, erms, clmul, sha, clflush, clflushopt, rdtscp, rdpid

Memory: 4k page, system-wide physical 3918M (329M free)
TotalPageFile size 15694M (AvailPageFile size 3M)
current process WorkingSet (physical memory assigned to process): 73M, peak: 73M
current process commit charge ("private bytes"): 145M, peak: 145M

vm_info: Java HotSpot(TM) 64-Bit Server VM (20.0.2+9-78) for windows-amd64 JRE (20.0.2+9-78), built on 2023-06-14T10:08:48Z by "mach5one" with MS VC++ 17.1 (VS2022)

END.
